Copyright 1986-2020 Xilinx, Inc. All Rights Reserved.
--------------------------------------------------------------------------------------------------------------------------------------------------------------------------------------------------------------------------------------------------------------------------------------------------------------------------------------------------------------------------------------------------------------------------------------------------------------------------------------------------------------------------------------------------------------------------------------------------------------------------------------------------------------------------------------------------------------------------------------------------------------------------------------------------------------------------------------------------------------------------------------------------------------------------------------------------------------------------------------------------------------------------------------------------------------------------------------------------------------------------------------------------------------------------------------------------------------------------------------------------------------------------------------------------------------------------------------------------------------------------------------------------------------------------------------------------------------------------------------------------------------------------------------------------------------------------------------------------------------------------------------------------------------------
| Tool Version : Vivado v.2020.2 (lin64) Build 3064766 Wed Nov 18 09:12:47 MST 2020
| Date         : Sat Jun  3 03:33:51 2023
| Host         : zhang-23.ece.cornell.edu running 64-bit unknown
| Command      : report_accelerator_utilization -kernels { hbm_tg:pfm_top_i/dynamic_region/tg0/inst:tg0 hbm_tg:pfm_top_i/dynamic_region/tg1/inst:tg1 hbm_tg:pfm_top_i/dynamic_region/tg10/inst:tg10 hbm_tg:pfm_top_i/dynamic_region/tg11/inst:tg11 hbm_tg:pfm_top_i/dynamic_region/tg12/inst:tg12 hbm_tg:pfm_top_i/dynamic_region/tg13/inst:tg13 hbm_tg:pfm_top_i/dynamic_region/tg14/inst:tg14 hbm_tg:pfm_top_i/dynamic_region/tg15/inst:tg15 hbm_tg:pfm_top_i/dynamic_region/tg16/inst:tg16 hbm_tg:pfm_top_i/dynamic_region/tg17/inst:tg17 hbm_tg:pfm_top_i/dynamic_region/tg18/inst:tg18 hbm_tg:pfm_top_i/dynamic_region/tg19/inst:tg19 hbm_tg:pfm_top_i/dynamic_region/tg2/inst:tg2 hbm_tg:pfm_top_i/dynamic_region/tg20/inst:tg20 hbm_tg:pfm_top_i/dynamic_region/tg21/inst:tg21 hbm_tg:pfm_top_i/dynamic_region/tg22/inst:tg22 hbm_tg:pfm_top_i/dynamic_region/tg23/inst:tg23 hbm_tg:pfm_top_i/dynamic_region/tg24/inst:tg24 hbm_tg:pfm_top_i/dynamic_region/tg25/inst:tg25 hbm_tg:pfm_top_i/dynamic_region/tg26/inst:tg26 hbm_tg:pfm_top_i/dynamic_region/tg27/inst:tg27 hbm_tg:pfm_top_i/dynamic_region/tg28/inst:tg28 hbm_tg:pfm_top_i/dynamic_region/tg29/inst:tg29 hbm_tg:pfm_top_i/dynamic_region/tg3/inst:tg3 hbm_tg:pfm_top_i/dynamic_region/tg30/inst:tg30 hbm_tg:pfm_top_i/dynamic_region/tg31/inst:tg31 hbm_tg:pfm_top_i/dynamic_region/tg4/inst:tg4 hbm_tg:pfm_top_i/dynamic_region/tg5/inst:tg5 hbm_tg:pfm_top_i/dynamic_region/tg6/inst:tg6 hbm_tg:pfm_top_i/dynamic_region/tg7/inst:tg7 hbm_tg:pfm_top_i/dynamic_region/tg8/inst:tg8 hbm_tg:pfm_top_i/dynamic_region/tg9/inst:tg9} -file kernel_util_placed.rpt -name kernel_util_placed -json
| Design       : pfm_top_wrapper
| Device       : xcu280
| Design State : Fully Placed
--------------------------------------------------------------------------------------------------------------------------------------------------------------------------------------------------------------------------------------------------------------------------------------------------------------------------------------------------------------------------------------------------------------------------------------------------------------------------------------------------------------------------------------------------------------------------------------------------------------------------------------------------------------------------------------------------------------------------------------------------------------------------------------------------------------------------------------------------------------------------------------------------------------------------------------------------------------------------------------------------------------------------------------------------------------------------------------------------------------------------------------------------------------------------------------------------------------------------------------------------------------------------------------------------------------------------------------------------------------------------------------------------------------------------------------------------------------------------------------------------------------------------------------------------------------------------------------------------------------------------------------------------------------------

Accelerator Utilization Design Information

Table of Contents
-----------------
1. System Utilization

1. System Utilization
---------------------

+---------------------+-------------------+------------------+-------------------+----------------+---------------+----------------+
| Name                | LUT               | LUTAsMem         | REG               | BRAM           | URAM          | DSP            |
+---------------------+-------------------+------------------+-------------------+----------------+---------------+----------------+
| Platform            |  207755 [ 15.95%] |  55892 [  9.31%] |  436723 [ 16.76%] |  204 [ 10.12%] |   0 [  0.00%] |    4 [  0.04%] |
| User Budget         | 1094965 [100.00%] | 544588 [100.00%] | 2168717 [100.00%] | 1812 [100.00%] | 960 [100.00%] | 9020 [100.00%] |
|    Used Resources   |  344267 [ 31.44%] |  34048 [  6.25%] |  586656 [ 27.05%] |  480 [ 26.49%] | 256 [ 26.67%] |    0 [  0.00%] |
|    Unused Resources |  750698 [ 68.56%] | 510540 [ 93.75%] | 1582061 [ 72.95%] | 1332 [ 73.51%] | 704 [ 73.33%] | 9020 [100.00%] |
| hbm_tg              |  344267 [ 31.44%] |  34048 [  6.25%] |  586656 [ 27.05%] |  480 [ 26.49%] | 256 [ 26.67%] |    0 [  0.00%] |
|    tg0              |   10762 [  0.98%] |   1064 [  0.20%] |   18325 [  0.84%] |   15 [  0.83%] |   8 [  0.83%] |    0 [  0.00%] |
|    tg1              |   10728 [  0.98%] |   1064 [  0.20%] |   18341 [  0.85%] |   15 [  0.83%] |   8 [  0.83%] |    0 [  0.00%] |
|    tg10             |   10752 [  0.98%] |   1064 [  0.20%] |   18344 [  0.85%] |   15 [  0.83%] |   8 [  0.83%] |    0 [  0.00%] |
|    tg11             |   10751 [  0.98%] |   1064 [  0.20%] |   18342 [  0.85%] |   15 [  0.83%] |   8 [  0.83%] |    0 [  0.00%] |
|    tg12             |   10760 [  0.98%] |   1064 [  0.20%] |   18338 [  0.85%] |   15 [  0.83%] |   8 [  0.83%] |    0 [  0.00%] |
|    tg13             |   10746 [  0.98%] |   1064 [  0.20%] |   18341 [  0.85%] |   15 [  0.83%] |   8 [  0.83%] |    0 [  0.00%] |
|    tg14             |   10751 [  0.98%] |   1064 [  0.20%] |   18339 [  0.85%] |   15 [  0.83%] |   8 [  0.83%] |    0 [  0.00%] |
|    tg15             |   10754 [  0.98%] |   1064 [  0.20%] |   18333 [  0.85%] |   15 [  0.83%] |   8 [  0.83%] |    0 [  0.00%] |
|    tg16             |   10756 [  0.98%] |   1064 [  0.20%] |   18322 [  0.84%] |   15 [  0.83%] |   8 [  0.83%] |    0 [  0.00%] |
|    tg17             |   10750 [  0.98%] |   1064 [  0.20%] |   18326 [  0.85%] |   15 [  0.83%] |   8 [  0.83%] |    0 [  0.00%] |
|    tg18             |   10760 [  0.98%] |   1064 [  0.20%] |   18319 [  0.84%] |   15 [  0.83%] |   8 [  0.83%] |    0 [  0.00%] |
|    tg19             |   10758 [  0.98%] |   1064 [  0.20%] |   18336 [  0.85%] |   15 [  0.83%] |   8 [  0.83%] |    0 [  0.00%] |
|    tg2              |   10753 [  0.98%] |   1064 [  0.20%] |   18330 [  0.85%] |   15 [  0.83%] |   8 [  0.83%] |    0 [  0.00%] |
|    tg20             |   10759 [  0.98%] |   1064 [  0.20%] |   18325 [  0.84%] |   15 [  0.83%] |   8 [  0.83%] |    0 [  0.00%] |
|    tg21             |   10765 [  0.98%] |   1064 [  0.20%] |   18332 [  0.85%] |   15 [  0.83%] |   8 [  0.83%] |    0 [  0.00%] |
|    tg22             |   10759 [  0.98%] |   1064 [  0.20%] |   18323 [  0.84%] |   15 [  0.83%] |   8 [  0.83%] |    0 [  0.00%] |
|    tg23             |   10759 [  0.98%] |   1064 [  0.20%] |   18327 [  0.85%] |   15 [  0.83%] |   8 [  0.83%] |    0 [  0.00%] |
|    tg24             |   10749 [  0.98%] |   1064 [  0.20%] |   18334 [  0.85%] |   15 [  0.83%] |   8 [  0.83%] |    0 [  0.00%] |
|    tg25             |   10755 [  0.98%] |   1064 [  0.20%] |   18335 [  0.85%] |   15 [  0.83%] |   8 [  0.83%] |    0 [  0.00%] |
|    tg26             |   10755 [  0.98%] |   1064 [  0.20%] |   18336 [  0.85%] |   15 [  0.83%] |   8 [  0.83%] |    0 [  0.00%] |
|    tg27             |   10758 [  0.98%] |   1064 [  0.20%] |   18318 [  0.84%] |   15 [  0.83%] |   8 [  0.83%] |    0 [  0.00%] |
|    tg28             |   10774 [  0.98%] |   1064 [  0.20%] |   18337 [  0.85%] |   15 [  0.83%] |   8 [  0.83%] |    0 [  0.00%] |
|    tg29             |   10755 [  0.98%] |   1064 [  0.20%] |   18327 [  0.85%] |   15 [  0.83%] |   8 [  0.83%] |    0 [  0.00%] |
|    tg3              |   10772 [  0.98%] |   1064 [  0.20%] |   18334 [  0.85%] |   15 [  0.83%] |   8 [  0.83%] |    0 [  0.00%] |
|    tg30             |   10765 [  0.98%] |   1064 [  0.20%] |   18348 [  0.85%] |   15 [  0.83%] |   8 [  0.83%] |    0 [  0.00%] |
|    tg31             |   10752 [  0.98%] |   1064 [  0.20%] |   18335 [  0.85%] |   15 [  0.83%] |   8 [  0.83%] |    0 [  0.00%] |
|    tg4              |   10758 [  0.98%] |   1064 [  0.20%] |   18328 [  0.85%] |   15 [  0.83%] |   8 [  0.83%] |    0 [  0.00%] |
|    tg5              |   10774 [  0.98%] |   1064 [  0.20%] |   18329 [  0.85%] |   15 [  0.83%] |   8 [  0.83%] |    0 [  0.00%] |
|    tg6              |   10776 [  0.98%] |   1064 [  0.20%] |   18346 [  0.85%] |   15 [  0.83%] |   8 [  0.83%] |    0 [  0.00%] |
|    tg7              |   10775 [  0.98%] |   1064 [  0.20%] |   18341 [  0.85%] |   15 [  0.83%] |   8 [  0.83%] |    0 [  0.00%] |
|    tg8              |   10767 [  0.98%] |   1064 [  0.20%] |   18338 [  0.85%] |   15 [  0.83%] |   8 [  0.83%] |    0 [  0.00%] |
|    tg9              |   10759 [  0.98%] |   1064 [  0.20%] |   18327 [  0.85%] |   15 [  0.83%] |   8 [  0.83%] |    0 [  0.00%] |
+---------------------+-------------------+------------------+-------------------+----------------+---------------+----------------+


