1mc1axi
    lut: 91114.0 (6.99%)
    ff: 101470.0 (3.89%)
    bram: 111.5 (5.53%)
    uram: 10.0 (1.04%)
    dsp: 0.0 (0.00%)
1mc2axi
    lut: 94345.0 (7.24%)
    ff: 107355.0 (4.12%)
    bram: 111.5 (5.53%)
    uram: 10.0 (1.04%)
    dsp: 0.0 (0.00%)
1mc3axi
    Failed with exception: Vivado process failed with code 256.
1mc4axi
    lut: 98751.0 (7.57%)
    ff: 115665.0 (4.44%)
    bram: 111.5 (5.53%)
    uram: 10.0 (1.04%)
    dsp: 0.0 (0.00%)
1mc5axi
    Failed with exception: Vivado process failed with code 256.
1mc6axi
    Failed with exception: Vivado process failed with code 256.
1mc7axi
    Failed with exception: Vivado process failed with code 256.
1mc8axi
    Failed with exception: Vivado process failed with code 256.
1mc1axi
    lut: 91114.0 (6.99%)
    ff: 101470.0 (3.89%)
    bram: 111.5 (5.53%)
    uram: 10.0 (1.04%)
    dsp: 0.0 (0.00%)
2mc1axi
    lut: 91114.0 (6.99%)
    ff: 101470.0 (3.89%)
    bram: 111.5 (5.53%)
    uram: 10.0 (1.04%)
    dsp: 0.0 (0.00%)
3mc1axi
    lut: 91153.0 (6.99%)
    ff: 101461.0 (3.89%)
    bram: 111.5 (5.53%)
    uram: 10.0 (1.04%)
    dsp: 0.0 (0.00%)
4mc1axi
    lut: 91146.0 (6.99%)
    ff: 101292.0 (3.88%)
    bram: 111.5 (5.53%)
    uram: 10.0 (1.04%)
    dsp: 0.0 (0.00%)
5mc1axi
    lut: 91062.0 (6.98%)
    ff: 101375.0 (3.89%)
    bram: 111.5 (5.53%)
    uram: 10.0 (1.04%)
    dsp: 0.0 (0.00%)
6mc1axi
    lut: 91411.0 (7.01%)
    ff: 101312.0 (3.89%)
    bram: 111.5 (5.53%)
    uram: 10.0 (1.04%)
    dsp: 0.0 (0.00%)
7mc1axi
    lut: 91134.0 (6.99%)
    ff: 101533.0 (3.89%)
    bram: 111.5 (5.53%)
    uram: 10.0 (1.04%)
    dsp: 0.0 (0.00%)
8mc1axi
    lut: 90980.0 (6.98%)
    ff: 101565.0 (3.90%)
    bram: 111.5 (5.53%)
    uram: 10.0 (1.04%)
    dsp: 0.0 (0.00%)
