Copyright 1986-2020 Xilinx, Inc. All Rights Reserved.
------------------------------------------------------------------------------------------
| Tool Version : Vivado v.2020.2 (lin64) Build 3064766 Wed Nov 18 09:12:47 MST 2020
| Date         : Sat Jun  3 10:02:48 2023
| Host         : zhang-23.ece.cornell.edu running 64-bit unknown
| Command      : report_utilization -slr -file slr_util_routed.rpt -pb slr_util_routed.pb
| Design       : pfm_top_wrapper
| Device       : xcu280fsvh2892-2L
| Design State : Routed
------------------------------------------------------------------------------------------

Utilization Design Information

Table of Contents
-----------------
1. SLR Connectivity
2. SLR Connectivity Matrix
3. SLR CLB Logic and Dedicated Block Utilization
4. SLR IO Utilization

1. SLR Connectivity
-------------------

+----------------------------------+-------+-------+-----------+-------+
|                                  |  Used | Fixed | Available | Util% |
+----------------------------------+-------+-------+-----------+-------+
| SLR2 <-> SLR1                    |  3984 |       |     23040 | 17.29 |
|   SLR1 -> SLR2                   |  2106 |       |           |  9.14 |
|     Using TX_REG only            |   277 |     1 |           |       |
|     Using RX_REG only            |   294 |    18 |           |       |
|     Using Both TX_REG and RX_REG |   277 |     1 |           |       |
|   SLR2 -> SLR1                   |  1878 |       |           |  8.15 |
|     Using TX_REG only            |   407 |     0 |           |       |
|     Using RX_REG only            |   412 |     4 |           |       |
|     Using Both TX_REG and RX_REG |   407 |     0 |           |       |
| SLR1 <-> SLR0                    |  6435 |       |     23040 | 27.93 |
|   SLR0 -> SLR1                   |  2913 |       |           | 12.64 |
|     Using TX_REG only            |   375 |    71 |           |       |
|     Using RX_REG only            |   365 |    61 |           |       |
|     Using Both TX_REG and RX_REG |   359 |    55 |           |       |
|   SLR1 -> SLR0                   |  3522 |       |           | 15.29 |
|     Using TX_REG only            |   437 |    62 |           |       |
|     Using RX_REG only            |   448 |    71 |           |       |
|     Using Both TX_REG and RX_REG |   435 |    60 |           |       |
+----------------------------------+-------+-------+-----------+-------+
| Total SLLs Used                  | 10419 |       |           |       |
+----------------------------------+-------+-------+-----------+-------+


2. SLR Connectivity Matrix
--------------------------

+-----------+------+------+------+
| FROM \ TO | SLR2 | SLR1 | SLR0 |
+-----------+------+------+------+
| SLR2      |    0 | 1878 |    0 |
| SLR1      | 1992 |    0 | 3522 |
| SLR0      |  114 | 2799 |    0 |
+-----------+------+------+------+


3. SLR CLB Logic and Dedicated Block Utilization
------------------------------------------------

+----------------------------+--------+--------+-------+--------+--------+--------+
|          Site Type         |  SLR0  |  SLR1  |  SLR2 | SLR0 % | SLR1 % | SLR2 % |
+----------------------------+--------+--------+-------+--------+--------+--------+
| CLB                        |  45879 |  14251 |  8284 |  83.48 |  26.39 |  15.34 |
|   CLBL                     |  24045 |   7481 |  4339 |  82.12 |  25.55 |  14.82 |
|   CLBM                     |  21834 |   6770 |  3945 |  85.02 |  27.39 |  15.96 |
| CLB LUTs                   | 193814 |  79739 | 35294 |  44.08 |  18.46 |   8.17 |
|   LUT as Logic             | 165748 |  72874 | 32265 |  37.70 |  16.87 |   7.47 |
|     using O5 output only   |   2072 |    393 |  1009 |   0.47 |   0.09 |   0.23 |
|     using O6 output only   | 120318 |  56466 | 19431 |  27.36 |  13.07 |   4.50 |
|     using O5 and O6        |  43358 |  16015 | 11825 |   9.86 |   3.71 |   2.74 |
|   LUT as Memory            |  28066 |   6865 |  3029 |  13.66 |   3.47 |   1.53 |
|     LUT as Distributed RAM |  11920 |   3837 |  1672 |   5.80 |   1.94 |   0.85 |
|       using O5 output only |      0 |      0 |     0 |   0.00 |   0.00 |   0.00 |
|       using O6 output only |     80 |    215 |    80 |   0.04 |   0.11 |   0.04 |
|       using O5 and O6      |  11840 |   3622 |  1592 |   5.76 |   1.83 |   0.81 |
|     LUT as Shift Register  |  16146 |   3028 |  1357 |   7.86 |   1.53 |   0.69 |
|       using O5 output only |      0 |      0 |     0 |   0.00 |   0.00 |   0.00 |
|       using O6 output only |  11032 |   2412 |  1227 |   5.37 |   1.22 |   0.62 |
|       using O5 and O6      |   5114 |    616 |   130 |   2.49 |   0.31 |   0.07 |
| CLB Registers              | 345758 | 101494 | 60263 |  39.32 |  11.75 |   6.97 |
| CARRY8                     |   8286 |   2268 |   313 |  15.08 |   4.20 |   0.58 |
| F7 Muxes                   |   2834 |   1209 |  1054 |   1.29 |   0.56 |   0.49 |
| F8 Muxes                   |     16 |    141 |    47 |   0.01 |   0.13 |   0.04 |
| F9 Muxes                   |      0 |      0 |     0 |   0.00 |   0.00 |   0.00 |
| Block RAM Tile             |    231 |    127 |    94 |  34.38 |  18.90 |  13.99 |
|   RAMB36/FIFO              |    223 |    125 |    92 |  33.18 |  18.60 |  13.69 |
|     RAMB36E2 only          |    223 |    125 |    92 |  33.18 |  18.60 |  13.69 |
|   RAMB18                   |     16 |      4 |     4 |   1.19 |   0.30 |   0.30 |
|     RAMB18E2 only          |     16 |      4 |     4 |   1.19 |   0.30 |   0.30 |
| URAM                       |    104 |     24 |     0 |  32.50 |   7.50 |   0.00 |
| DSPs                       |      0 |      0 |     4 |   0.00 |   0.00 |   0.13 |
| PLL                        |      0 |      0 |     0 |   0.00 |   0.00 |   0.00 |
| MMCM                       |      0 |      0 |     0 |   0.00 |   0.00 |   0.00 |
| Unique Control Sets        |   6634 |   2205 |  2719 |   6.04 |   2.04 |   2.52 |
+----------------------------+--------+--------+-------+--------+--------+--------+
* Note: Available Control Sets based on CLB Registers / 8


4. SLR IO Utilization
---------------------

+-----------+-----------+---------+------------+----------+------------+----------+-----+
| SLR Index | Used IOBs | (%)IOBs | Used IPADs | (%)IPADs | Used OPADs | (%)OPADs | GTs |
+-----------+-----------+---------+------------+----------+------------+----------+-----+
| SLR2      |        18 |    8.65 |          0 |     0.00 |          0 |     0.00 |   0 |
| SLR1      |         0 |    0.00 |          0 |     0.00 |          0 |     0.00 |   0 |
| SLR0      |         1 |    0.48 |          0 |     0.00 |          0 |     0.00 |  16 |
+-----------+-----------+---------+------------+----------+------------+----------+-----+
| Total     |        19 |         |          0 |          |          0 |          |  16 |
+-----------+-----------+---------+------------+----------+------------+----------+-----+


