Copyright 1986-2020 Xilinx, Inc. All Rights Reserved.
----------------------------------------------------------------------------------------------
| Tool Version : Vivado v.2020.2 (lin64) Build 3064766 Wed Nov 18 09:12:47 MST 2020
| Date         : Sat Jun  3 10:01:14 2023
| Host         : zhang-22.ece.cornell.edu running 64-bit CentOS Linux release 7.9.2009 (Core)
| Command      : report_utilization -slr -file slr_util_routed.rpt -pb slr_util_routed.pb
| Design       : pfm_top_wrapper
| Device       : xcu280fsvh2892-2L
| Design State : Routed
----------------------------------------------------------------------------------------------

Utilization Design Information

Table of Contents
-----------------
1. SLR Connectivity
2. SLR Connectivity Matrix
3. SLR CLB Logic and Dedicated Block Utilization
4. SLR IO Utilization

1. SLR Connectivity
-------------------

+----------------------------------+-------+-------+-----------+-------+
|                                  |  Used | Fixed | Available | Util% |
+----------------------------------+-------+-------+-----------+-------+
| SLR2 <-> SLR1                    |  3988 |       |     23040 | 17.31 |
|   SLR1 -> SLR2                   |  2111 |       |           |  9.16 |
|     Using TX_REG only            |   267 |     1 |           |       |
|     Using RX_REG only            |   284 |    18 |           |       |
|     Using Both TX_REG and RX_REG |   267 |     1 |           |       |
|   SLR2 -> SLR1                   |  1877 |       |           |  8.15 |
|     Using TX_REG only            |   407 |     0 |           |       |
|     Using RX_REG only            |   412 |     4 |           |       |
|     Using Both TX_REG and RX_REG |   407 |     0 |           |       |
| SLR1 <-> SLR0                    |  6550 |       |     23040 | 28.43 |
|   SLR0 -> SLR1                   |  3004 |       |           | 13.04 |
|     Using TX_REG only            |   375 |    71 |           |       |
|     Using RX_REG only            |   365 |    61 |           |       |
|     Using Both TX_REG and RX_REG |   359 |    55 |           |       |
|   SLR1 -> SLR0                   |  3546 |       |           | 15.39 |
|     Using TX_REG only            |   437 |    62 |           |       |
|     Using RX_REG only            |   448 |    71 |           |       |
|     Using Both TX_REG and RX_REG |   435 |    60 |           |       |
+----------------------------------+-------+-------+-----------+-------+
| Total SLLs Used                  | 10538 |       |           |       |
+----------------------------------+-------+-------+-----------+-------+


2. SLR Connectivity Matrix
--------------------------

+-----------+------+------+------+
| FROM \ TO | SLR2 | SLR1 | SLR0 |
+-----------+------+------+------+
| SLR2      |    0 | 1877 |    0 |
| SLR1      | 1971 |    0 | 3546 |
| SLR0      |  140 | 2864 |    0 |
+-----------+------+------+------+


3. SLR CLB Logic and Dedicated Block Utilization
------------------------------------------------

+----------------------------+--------+--------+-------+--------+--------+--------+
|          Site Type         |  SLR0  |  SLR1  |  SLR2 | SLR0 % | SLR1 % | SLR2 % |
+----------------------------+--------+--------+-------+--------+--------+--------+
| CLB                        |  46021 |  14123 |  8322 |  83.74 |  26.15 |  15.41 |
|   CLBL                     |  24254 |   7442 |  4382 |  82.83 |  25.42 |  14.97 |
|   CLBM                     |  21767 |   6681 |  3940 |  84.76 |  27.03 |  15.94 |
| CLB LUTs                   | 193476 |  80051 | 35291 |  44.00 |  18.53 |   8.17 |
|   LUT as Logic             | 165738 |  72857 | 32263 |  37.70 |  16.87 |   7.47 |
|     using O5 output only   |   2096 |    391 |  1005 |   0.48 |   0.09 |   0.23 |
|     using O6 output only   | 120227 |  56470 | 19441 |  27.34 |  13.07 |   4.50 |
|     using O5 and O6        |  43415 |  15996 | 11817 |   9.87 |   3.70 |   2.74 |
|   LUT as Memory            |  27738 |   7194 |  3028 |  13.50 |   3.64 |   1.53 |
|     LUT as Distributed RAM |  11920 |   3837 |  1672 |   5.80 |   1.94 |   0.85 |
|       using O5 output only |      0 |      0 |     0 |   0.00 |   0.00 |   0.00 |
|       using O6 output only |     80 |    215 |    80 |   0.04 |   0.11 |   0.04 |
|       using O5 and O6      |  11840 |   3622 |  1592 |   5.76 |   1.83 |   0.81 |
|     LUT as Shift Register  |  15818 |   3357 |  1356 |   7.70 |   1.70 |   0.69 |
|       using O5 output only |      0 |      0 |     0 |   0.00 |   0.00 |   0.00 |
|       using O6 output only |  11000 |   2445 |  1226 |   5.35 |   1.24 |   0.62 |
|       using O5 and O6      |   4818 |    912 |   130 |   2.35 |   0.46 |   0.07 |
| CLB Registers              | 345195 | 101506 | 60837 |  39.26 |  11.75 |   7.04 |
| CARRY8                     |   8296 |   2258 |   313 |  15.09 |   4.18 |   0.58 |
| F7 Muxes                   |   2834 |   1209 |  1054 |   1.29 |   0.56 |   0.49 |
| F8 Muxes                   |     16 |    141 |    47 |   0.01 |   0.13 |   0.04 |
| F9 Muxes                   |      0 |      0 |     0 |   0.00 |   0.00 |   0.00 |
| Block RAM Tile             |    232 |    126 |    94 |  34.52 |  18.75 |  13.99 |
|   RAMB36/FIFO              |    224 |    124 |    92 |  33.33 |  18.45 |  13.69 |
|     RAMB36E2 only          |    224 |    124 |    92 |  33.33 |  18.45 |  13.69 |
|   RAMB18                   |     16 |      4 |     4 |   1.19 |   0.30 |   0.30 |
|     RAMB18E2 only          |     16 |      4 |     4 |   1.19 |   0.30 |   0.30 |
| URAM                       |    104 |     24 |     0 |  32.50 |   7.50 |   0.00 |
| DSPs                       |      0 |      0 |     4 |   0.00 |   0.00 |   0.13 |
| PLL                        |      0 |      0 |     0 |   0.00 |   0.00 |   0.00 |
| MMCM                       |      0 |      0 |     0 |   0.00 |   0.00 |   0.00 |
| Unique Control Sets        |   6550 |   2192 |  2723 |   5.96 |   2.03 |   2.52 |
+----------------------------+--------+--------+-------+--------+--------+--------+
* Note: Available Control Sets based on CLB Registers / 8


4. SLR IO Utilization
---------------------

+-----------+-----------+---------+------------+----------+------------+----------+-----+
| SLR Index | Used IOBs | (%)IOBs | Used IPADs | (%)IPADs | Used OPADs | (%)OPADs | GTs |
+-----------+-----------+---------+------------+----------+------------+----------+-----+
| SLR2      |        18 |    8.65 |          0 |     0.00 |          0 |     0.00 |   0 |
| SLR1      |         0 |    0.00 |          0 |     0.00 |          0 |     0.00 |   0 |
| SLR0      |         1 |    0.48 |          0 |     0.00 |          0 |     0.00 |  16 |
+-----------+-----------+---------+------------+----------+------------+----------+-----+
| Total     |        19 |         |          0 |          |          0 |          |  16 |
+-----------+-----------+---------+------------+----------+------------+----------+-----+


