Copyright 1986-2020 Xilinx, Inc. All Rights Reserved.
----------------------------------------------------------------------------------------------
| Tool Version : Vivado v.2020.2 (lin64) Build 3064766 Wed Nov 18 09:12:47 MST 2020
| Date         : Sat Jun  3 15:03:38 2023
| Host         : zhang-21.ece.cornell.edu running 64-bit CentOS Linux release 7.9.2009 (Core)
| Command      : report_utilization -file full_util_placed.rpt -pb full_util_placed.pb
| Design       : pfm_top_wrapper
| Device       : xcu280fsvh2892-2L
| Design State : Fully Placed
----------------------------------------------------------------------------------------------

Utilization Design Information

Table of Contents
-----------------
1. CLB Logic
1.1 Summary of Registers by Type
2. CLB Logic Distribution
3. BLOCKRAM
4. ARITHMETIC
5. I/O
6. CLOCK
7. ADVANCED
8. CONFIGURATION
9. Primitives
10. Black Boxes
11. Instantiated Netlists
12. SLR Connectivity
13. SLR Connectivity Matrix
14. SLR CLB Logic and Dedicated Block Utilization
15. SLR IO Utilization

1. CLB Logic
------------

+----------------------------+---------+--------+-----------+-------+
|          Site Type         |   Used  |  Fixed | Available | Util% |
+----------------------------+---------+--------+-----------+-------+
| CLB LUTs                   |  550112 |  93280 |   1302720 | 42.23 |
|   LUT as Logic             |  460172 |  86419 |   1302720 | 35.32 |
|   LUT as Memory            |   89940 |   6861 |    600480 | 14.98 |
|     LUT as Distributed RAM |   29777 |   5173 |           |       |
|     LUT as Shift Register  |   60163 |   1688 |           |       |
| CLB Registers              | 1018495 | 128746 |   2605440 | 39.09 |
|   Register as Flip Flop    | 1018493 | 128744 |   2605440 | 39.09 |
|   Register as Latch        |       0 |      0 |   2605440 |  0.00 |
|   Register as AND/OR       |       2 |      2 |   2605440 | <0.01 |
| CARRY8                     |   20533 |   1069 |    162840 | 12.61 |
| F7 Muxes                   |   15505 |   1495 |    651360 |  2.38 |
| F8 Muxes                   |     204 |    204 |    325680 |  0.06 |
| F9 Muxes                   |       0 |      0 |    162840 |  0.00 |
+----------------------------+---------+--------+-----------+-------+


1.1 Summary of Registers by Type
--------------------------------

+---------+--------------+-------------+--------------+
|  Total  | Clock Enable | Synchronous | Asynchronous |
+---------+--------------+-------------+--------------+
| 2       |            _ |           - |            - |
| 0       |            _ |           - |          Set |
| 0       |            _ |           - |        Reset |
| 0       |            _ |         Set |            - |
| 0       |            _ |       Reset |            - |
| 0       |          Yes |           - |            - |
| 1026    |          Yes |           - |          Set |
| 6420    |          Yes |           - |        Reset |
| 10951   |          Yes |         Set |            - |
| 1000096 |          Yes |       Reset |            - |
+---------+--------------+-------------+--------------+


2. CLB Logic Distribution
-------------------------

+--------------------------------------------+---------+-------+-----------+-------+
|                  Site Type                 |   Used  | Fixed | Available | Util% |
+--------------------------------------------+---------+-------+-----------+-------+
| CLB                                        |  131461 |     0 |    162840 | 80.73 |
|   CLBL                                     |   69588 |     0 |           |       |
|   CLBM                                     |   61873 |     0 |           |       |
| LUT as Logic                               |  460172 | 86419 |   1302720 | 35.32 |
|   using O5 output only                     |    5326 |       |           |       |
|   using O6 output only                     |  343597 |       |           |       |
|   using O5 and O6                          |  111249 |       |           |       |
| LUT as Memory                              |   89940 |  6861 |    600480 | 14.98 |
|   LUT as Distributed RAM                   |   29777 |  5173 |           |       |
|     using O5 output only                   |       0 |       |           |       |
|     using O6 output only                   |     379 |       |           |       |
|     using O5 and O6                        |   29398 |       |           |       |
|   LUT as Shift Register                    |   60163 |  1688 |           |       |
|     using O5 output only                   |       3 |       |           |       |
|     using O6 output only                   |   49504 |       |           |       |
|     using O5 and O6                        |   10656 |       |           |       |
| CLB Registers                              | 1018495 |     0 |   2605440 | 39.09 |
|   Register driven from within the CLB      |  359541 |       |           |       |
|   Register driven from outside the CLB     |  658954 |       |           |       |
|     LUT in front of the register is unused |  483310 |       |           |       |
|     LUT in front of the register is used   |  175644 |       |           |       |
| Unique Control Sets                        |   17069 |       |    325680 |  5.24 |
+--------------------------------------------+---------+-------+-----------+-------+
* * Note: Available Control Sets calculated as Slices * 2, Review the Control Sets Report for more information regarding control sets.


3. BLOCKRAM
-----------

+-------------------+------+-------+-----------+-------+
|     Site Type     | Used | Fixed | Available | Util% |
+-------------------+------+-------+-----------+-------+
| Block RAM Tile    |  700 |     0 |      2016 | 34.72 |
|   RAMB36/FIFO*    |  680 |   196 |      2016 | 33.73 |
|     RAMB36E2 only |  680 |       |           |       |
|   RAMB18          |   40 |     8 |      4032 |  0.99 |
|     RAMB18E2 only |   40 |       |           |       |
| URAM              |  256 |     0 |       960 | 26.67 |
+-------------------+------+-------+-----------+-------+
* Note: Each Block RAM Tile only has one FIFO logic available and therefore can accommodate only one FIFO36E2 or one FIFO18E2. However, if a FIFO18E2 occupies a Block RAM Tile, that tile can still accommodate a RAMB18E2


4. ARITHMETIC
-------------

+----------------+------+-------+-----------+-------+
|    Site Type   | Used | Fixed | Available | Util% |
+----------------+------+-------+-----------+-------+
| DSPs           |    4 |     4 |      9024 |  0.04 |
|   DSP48E2 only |    4 |       |           |       |
+----------------+------+-------+-----------+-------+


5. I/O
------

+------------------+------+-------+-----------+-------+
|     Site Type    | Used | Fixed | Available | Util% |
+------------------+------+-------+-----------+-------+
| Bonded IOB       |   19 |    19 |       297 |  6.40 |
| HPIOB_M          |    7 |     7 |       144 |  4.86 |
|   INPUT          |    3 |       |           |       |
|   OUTPUT         |    2 |       |           |       |
|   BIDIR          |    2 |       |           |       |
| HPIOB_S          |    9 |     9 |       143 |  6.29 |
|   INPUT          |    2 |       |           |       |
|   OUTPUT         |    5 |       |           |       |
|   BIDIR          |    2 |       |           |       |
| HPIOB_SNGL       |    3 |     3 |        10 | 30.00 |
|   INPUT          |    0 |       |           |       |
|   OUTPUT         |    1 |       |           |       |
|   BIDIR          |    2 |       |           |       |
| HPIOBDIFFINBUF   |    1 |     1 |       288 |  0.35 |
|   DIFFINBUF      |    1 |     1 |           |       |
| HPIOBDIFFOUTBUF  |    0 |     0 |       288 |  0.00 |
| BITSLICE_CONTROL |    0 |     0 |        96 |  0.00 |
| BITSLICE_RX_TX   |    0 |     0 |       624 |  0.00 |
| BITSLICE_TX      |    0 |     0 |        96 |  0.00 |
| RIU_OR           |    0 |     0 |        48 |  0.00 |
+------------------+------+-------+-----------+-------+


6. CLOCK
--------

+----------------------+------+-------+-----------+-------+
|       Site Type      | Used | Fixed | Available | Util% |
+----------------------+------+-------+-----------+-------+
| GLOBAL CLOCK BUFFERs |   44 |    37 |      1008 |  4.37 |
|   BUFGCE             |   20 |    13 |       288 |  6.94 |
|   BUFGCE_DIV         |    0 |     0 |        48 |  0.00 |
|   BUFG_GT            |   22 |    22 |       576 |  3.82 |
|   BUFGCTRL*          |    1 |     1 |        96 |  1.04 |
| PLL                  |    4 |     4 |        24 | 16.67 |
| MMCM                 |    3 |     3 |        12 | 25.00 |
+----------------------+------+-------+-----------+-------+
* Note: Each used BUFGCTRL counts as two GLOBAL CLOCK BUFFERs. This table does not include global clocking resources, only buffer cell usage. See the Clock Utilization Report (report_clock_utilization) for detailed accounting of global clocking resource availability.


7. ADVANCED
-----------

+----------------------+------+-------+-----------+--------+
|       Site Type      | Used | Fixed | Available |  Util% |
+----------------------+------+-------+-----------+--------+
| CMACE4               |    0 |     0 |         8 |   0.00 |
| GTYE4_CHANNEL        |   16 |    16 |        24 |  66.67 |
| GTYE4_COMMON         |    4 |     4 |         6 |  66.67 |
| HBM_REF_CLK          |    2 |     2 |         2 | 100.00 |
| HBM_SNGLBLI_INTF_APB |    2 |     2 |        32 |   6.25 |
| HBM_SNGLBLI_INTF_AXI |   32 |    32 |        32 | 100.00 |
| ILKNE4               |    0 |     0 |         4 |   0.00 |
| OBUFDS_GTE4          |    0 |     0 |        12 |   0.00 |
| OBUFDS_GTE4_ADV      |    0 |     0 |        12 |   0.00 |
| PCIE40E4             |    0 |     0 |         2 |   0.00 |
| PCIE4CE4             |    1 |     1 |         4 |  25.00 |
| SYSMONE4             |    1 |     1 |         3 |  33.33 |
+----------------------+------+-------+-----------+--------+


8. CONFIGURATION
----------------

+-------------+------+-------+-----------+-------+
|  Site Type  | Used | Fixed | Available | Util% |
+-------------+------+-------+-----------+-------+
| BSCANE2     |    1 |     1 |        12 |  8.33 |
| DNA_PORTE2  |    0 |     0 |         3 |  0.00 |
| EFUSE_USR   |    0 |     0 |         3 |  0.00 |
| FRAME_ECCE4 |    0 |     0 |         3 |  0.00 |
| ICAPE3      |    1 |     1 |         6 | 16.67 |
| MASTER_JTAG |    0 |     0 |         3 |  0.00 |
| STARTUPE3   |    1 |     1 |         3 | 33.33 |
+-------------+------+-------+-----------+-------+


9. Primitives
-------------

+----------------------+---------+---------------------+
|       Ref Name       |   Used  | Functional Category |
+----------------------+---------+---------------------+
| FDRE                 | 1047351 |            Register |
| LUT3                 |  222942 |                 CLB |
| LUT2                 |  121724 |                 CLB |
| LUT4                 |   74672 |                 CLB |
| LUT6                 |   72620 |                 CLB |
| LUT5                 |   68489 |                 CLB |
| RAMD32               |   51554 |                 CLB |
| SRLC32E              |   45772 |                 CLB |
| SRL16E               |   25033 |                 CLB |
| CARRY8               |   20533 |                 CLB |
| MUXF7                |   15505 |                 CLB |
| LUT1                 |   10974 |                 CLB |
| FDSE                 |   10951 |            Register |
| RAMS32               |    7297 |                 CLB |
| FDCE                 |    6769 |            Register |
| FDPE                 |    1026 |            Register |
| RAMB36E2             |     680 |            BLOCKRAM |
| RAMD64E              |     288 |                 CLB |
| URAM288              |     256 |            BLOCKRAM |
| MUXF8                |     204 |                 CLB |
| RAMB18E2             |      40 |            BLOCKRAM |
| RAMS64E              |      36 |                 CLB |
| HBM_SNGLBLI_INTF_AXI |      32 |            Advanced |
| BUFG_GT              |      22 |               Clock |
| BUFGCE               |      20 |               Clock |
| BUFG_GT_SYNC         |      17 |               Clock |
| GTYE4_CHANNEL        |      16 |            Advanced |
| SRLC16E              |      14 |                 CLB |
| IBUFCTRL             |      10 |              Others |
| INBUF                |       9 |                 I/O |
| OBUF                 |       8 |                 I/O |
| OBUFT                |       6 |                 I/O |
| PLLE4_ADV            |       4 |               Clock |
| GTYE4_COMMON         |       4 |            Advanced |
| DSP48E2              |       4 |          Arithmetic |
| MMCME4_ADV           |       3 |               Clock |
| HBM_SNGLBLI_INTF_APB |       2 |            Advanced |
| HBM_REF_CLK          |       2 |            Advanced |
| AND2B1L              |       2 |              Others |
| SYSMONE4             |       1 |            Advanced |
| STARTUPE3            |       1 |       Configuration |
| PCIE4CE4             |       1 |            Advanced |
| ICAPE3               |       1 |       Configuration |
| IBUFDS_GTE4          |       1 |                 I/O |
| DIFFINBUF            |       1 |                 I/O |
| BUFGCTRL             |       1 |               Clock |
| BSCANE2              |       1 |       Configuration |
+----------------------+---------+---------------------+


10. Black Boxes
---------------

+----------+------+
| Ref Name | Used |
+----------+------+


11. Instantiated Netlists
-------------------------

+---------------------------------------------+------+
|                   Ref Name                  | Used |
+---------------------------------------------+------+
| xsdbm                                       |    1 |
| pfm_top_xmc_clk_ibuf_0                      |    1 |
| pfm_top_xbar_9                              |    1 |
| pfm_top_xbar_8                              |    1 |
| pfm_top_xbar_7                              |    1 |
| pfm_top_xbar_6                              |    1 |
| pfm_top_xbar_5                              |    1 |
| pfm_top_xbar_4                              |    1 |
| pfm_top_xbar_3                              |    1 |
| pfm_top_xbar_2                              |    1 |
| pfm_top_xbar_15                             |    1 |
| pfm_top_xbar_14                             |    1 |
| pfm_top_xbar_13                             |    1 |
| pfm_top_xbar_12                             |    1 |
| pfm_top_xbar_11                             |    1 |
| pfm_top_xbar_10                             |    1 |
| pfm_top_xbar_1                              |    1 |
| pfm_top_xbar_0                              |    1 |
| pfm_top_util_vector_logic_0_1               |    1 |
| pfm_top_util_vector_logic_0_0               |    1 |
| pfm_top_util_ds_buf_0_0                     |    1 |
| pfm_top_user_debug_hub_0                    |    1 |
| pfm_top_user_debug_bridge_0                 |    1 |
| pfm_top_sys_mgmt_wiz_0                      |    1 |
| pfm_top_scratchpad_ram_ctrl_0               |    1 |
| pfm_top_scratchpad_ram_0                    |    1 |
| pfm_top_scheduler_bram_ctrl_0               |    1 |
| pfm_top_s01_regslice_8                      |    1 |
| pfm_top_s01_regslice_7                      |    1 |
| pfm_top_s01_regslice_6                      |    1 |
| pfm_top_s00_regslice_20                     |    1 |
| pfm_top_s00_regslice_19                     |    1 |
| pfm_top_s00_regslice_18                     |    1 |
| pfm_top_s00_regslice_17                     |    1 |
| pfm_top_s00_regslice_16                     |    1 |
| pfm_top_s00_regslice_15                     |    1 |
| pfm_top_s00_regslice_14                     |    1 |
| pfm_top_reset_wdt_0                         |    1 |
| pfm_top_regslice_freq_cntr_1_0              |    1 |
| pfm_top_regslice_freq_cntr_0_0              |    1 |
| pfm_top_regslice_data_0                     |    1 |
| pfm_top_regslice_control_userpf_0           |    1 |
| pfm_top_regslice_control_mgntpf_0           |    1 |
| pfm_top_regslice_control_hbm_mgntpf_0       |    1 |
| pfm_top_register_map_ctrl_0                 |    1 |
| pfm_top_register_map_bram_0                 |    1 |
| pfm_top_psreset_scheduler_0                 |    1 |
| pfm_top_psreset_regslice_data_pr_0          |    1 |
| pfm_top_psreset_regslice_ctrl_pr_0          |    1 |
| pfm_top_psreset_ctrlclk_0                   |    1 |
| pfm_top_psreset_board_control_0             |    1 |
| pfm_top_psreset_axi_0                       |    1 |
| pfm_top_proc_sys_reset_0_0                  |    1 |
| pfm_top_pr_decoupler_3_0                    |    1 |
| pfm_top_pr_decoupler_2_0                    |    1 |
| pfm_top_pr_decoupler_1_0                    |    1 |
| pfm_top_pr_decoupler_0_0                    |    1 |
| pfm_top_pf_demux_0_0                        |    1 |
| pfm_top_pcie_0                              |    1 |
| pfm_top_msp432_bsl_crc_gen_0_0              |    1 |
| pfm_top_microblaze_scheduler_0              |    1 |
| pfm_top_microblaze_board_control_0          |    1 |
| pfm_top_mgmt_debug_hub_0                    |    1 |
| pfm_top_mgmt_debug_bridge_0                 |    1 |
| pfm_top_mdm_board_control_0                 |    1 |
| pfm_top_mb_bram_ctrl_0                      |    1 |
| pfm_top_mailbox_0_0                         |    1 |
| pfm_top_m05_regslice_0                      |    1 |
| pfm_top_m04_regslice_0                      |    1 |
| pfm_top_m03_regslice_0                      |    1 |
| pfm_top_m02_regslice_0                      |    1 |
| pfm_top_m00_regslice_0                      |    1 |
| pfm_top_logic_pll_lock_0                    |    1 |
| pfm_top_logic_hbm_init_op_0                 |    1 |
| pfm_top_lmb_bram_if_cntlr_1                 |    1 |
| pfm_top_lmb_bram_if_cntlr_0                 |    1 |
| pfm_top_lmb_bram_1                          |    1 |
| pfm_top_lmb_bram_0                          |    1 |
| pfm_top_jtag_fallback_0                     |    1 |
| pfm_top_irq_or_gate_userfirewall_0          |    1 |
| pfm_top_irq_or_gate_userdebug_firewall_0    |    1 |
| pfm_top_irq_or_gate_mgmtfirewall_0          |    1 |
| pfm_top_irq_or_gate_maxifirewall_0          |    1 |
| pfm_top_iob_static_0                        |    1 |
| pfm_top_invert_rst_0                        |    1 |
| pfm_top_invert_nearly_full_0                |    1 |
| pfm_top_invert_nearly_empty_0               |    1 |
| pfm_top_ilmb_v10_1                          |    1 |
| pfm_top_ilmb_v10_0                          |    1 |
| pfm_top_hbm_and_sdx_init_status_0           |    1 |
| pfm_top_gate_pr_inv_0                       |    1 |
| pfm_top_gate_pr_0                           |    1 |
| pfm_top_flash_programmer_0                  |    1 |
| pfm_top_fifo_generator_0_0                  |    1 |
| pfm_top_feature_rom_mmu_0                   |    1 |
| pfm_top_feature_rom_ctrl_0                  |    1 |
| pfm_top_feature_rom_0                       |    1 |
| pfm_top_embedded_scheduler_hw_0_0           |    1 |
| pfm_top_dma_pcie_0                          |    1 |
| pfm_top_dlmb_v10_1                          |    1 |
| pfm_top_dlmb_v10_0                          |    1 |
| pfm_top_cuisr_0_0                           |    1 |
| pfm_top_cq_bram_ctlr_0                      |    1 |
| pfm_top_clkwiz_sysclks_0                    |    1 |
| pfm_top_clkwiz_scheduler_0                  |    1 |
| pfm_top_clkwiz_pcie_0                       |    1 |
| pfm_top_clkwiz_kernel_0                     |    1 |
| pfm_top_clkwiz_kernel2_0                    |    1 |
| pfm_top_clkwiz_hbm_aclk_0                   |    1 |
| pfm_top_clk_wiz_0_0                         |    1 |
| pfm_top_buf_refclk_ibuf_0                   |    1 |
| pfm_top_board_i2c_ctrl_0                    |    1 |
| pfm_top_axis_register_slice_rq_0            |    1 |
| pfm_top_axis_register_slice_rc_0            |    1 |
| pfm_top_axis_register_slice_cq_0            |    1 |
| pfm_top_axis_register_slice_cc_0            |    1 |
| pfm_top_axi_vip_data_0                      |    1 |
| pfm_top_axi_vip_ctrl_userpf_0               |    1 |
| pfm_top_axi_vip_ctrl_mgntpf_0               |    1 |
| pfm_top_axi_uartlite_usb_0                  |    1 |
| pfm_top_axi_uartlite_0_0                    |    1 |
| pfm_top_axi_timebase_wdt_0                  |    1 |
| pfm_top_axi_register_slice_0_0              |    1 |
| pfm_top_axi_protocol_converter_0_0          |    1 |
| pfm_top_axi_mb_interrupts_0                 |    1 |
| pfm_top_axi_intc_0_1                        |    1 |
| pfm_top_axi_intc_0_0                        |    1 |
| pfm_top_axi_hwicap_0                        |    1 |
| pfm_top_axi_gpio_wdt_0                      |    1 |
| pfm_top_axi_gpio_qsfp_0                     |    1 |
| pfm_top_axi_gpio_mb_ctrl_0                  |    1 |
| pfm_top_axi_gpio_hbm_temp_0                 |    1 |
| pfm_top_axi_gpio_axi_rstn_0                 |    1 |
| pfm_top_axi_firewall_data_0                 |    1 |
| pfm_top_axi_firewall_ctrl_user_debug_0      |    1 |
| pfm_top_axi_firewall_ctrl_user_0            |    1 |
| pfm_top_axi_firewall_ctrl_0                 |    1 |
| pfm_top_axi_bypass_addr_0_0                 |    1 |
| pfm_top_axi_bram_ctrl_0_bram_0              |    1 |
| pfm_top_axi_bmc_gpio_0                      |    1 |
| pfm_top_auto_pc_9                           |    1 |
| pfm_top_auto_pc_8                           |    1 |
| pfm_top_auto_pc_7                           |    1 |
| pfm_top_auto_pc_6                           |    1 |
| pfm_top_auto_pc_5                           |    1 |
| pfm_top_auto_pc_4                           |    1 |
| pfm_top_auto_pc_3                           |    1 |
| pfm_top_auto_pc_2                           |    1 |
| pfm_top_auto_pc_12                          |    1 |
| pfm_top_auto_pc_11                          |    1 |
| pfm_top_auto_pc_10                          |    1 |
| pfm_top_auto_pc_1                           |    1 |
| pfm_top_auto_pc_0                           |    1 |
| pfm_top_auto_cc_9                           |    1 |
| pfm_top_auto_cc_8                           |    1 |
| pfm_top_auto_cc_7                           |    1 |
| pfm_top_auto_cc_6                           |    1 |
| pfm_top_auto_cc_5                           |    1 |
| pfm_top_auto_cc_4                           |    1 |
| pfm_top_auto_cc_3                           |    1 |
| pfm_top_auto_cc_24                          |    1 |
| pfm_top_auto_cc_23                          |    1 |
| pfm_top_auto_cc_22                          |    1 |
| pfm_top_auto_cc_21                          |    1 |
| pfm_top_auto_cc_20                          |    1 |
| pfm_top_auto_cc_2                           |    1 |
| pfm_top_auto_cc_19                          |    1 |
| pfm_top_auto_cc_18                          |    1 |
| pfm_top_auto_cc_17                          |    1 |
| pfm_top_auto_cc_16                          |    1 |
| pfm_top_auto_cc_15                          |    1 |
| pfm_top_auto_cc_14                          |    1 |
| pfm_top_auto_cc_13                          |    1 |
| pfm_top_auto_cc_12                          |    1 |
| pfm_top_auto_cc_11                          |    1 |
| pfm_top_auto_cc_10                          |    1 |
| pfm_top_auto_cc_1                           |    1 |
| pfm_top_auto_cc_0                           |    1 |
| pfm_top_Monitor_AXI_Master_p2p_0            |    1 |
| pfm_top_Monitor_AXI_Master_dma_pcie_0       |    1 |
| pfm_top_CuDmaController_0_0                 |    1 |
| pfm_dynamic_xbar_5                          |    1 |
| pfm_dynamic_xbar_4                          |    1 |
| pfm_dynamic_xbar_2                          |    1 |
| pfm_dynamic_util_and2_slr1_0                |    1 |
| pfm_dynamic_util_and2_slr0_0                |    1 |
| pfm_dynamic_util_and2_hbm_ctrl_reset_0      |    1 |
| pfm_dynamic_util_and2_hbm_0                 |    1 |
| pfm_dynamic_tg9_0                           |    1 |
| pfm_dynamic_tg8_0                           |    1 |
| pfm_dynamic_tg7_0                           |    1 |
| pfm_dynamic_tg6_0                           |    1 |
| pfm_dynamic_tg5_0                           |    1 |
| pfm_dynamic_tg4_0                           |    1 |
| pfm_dynamic_tg3_0                           |    1 |
| pfm_dynamic_tg31_0                          |    1 |
| pfm_dynamic_tg30_0                          |    1 |
| pfm_dynamic_tg2_0                           |    1 |
| pfm_dynamic_tg29_0                          |    1 |
| pfm_dynamic_tg28_0                          |    1 |
| pfm_dynamic_tg27_0                          |    1 |
| pfm_dynamic_tg26_0                          |    1 |
| pfm_dynamic_tg25_0                          |    1 |
| pfm_dynamic_tg24_0                          |    1 |
| pfm_dynamic_tg23_0                          |    1 |
| pfm_dynamic_tg22_0                          |    1 |
| pfm_dynamic_tg21_0                          |    1 |
| pfm_dynamic_tg20_0                          |    1 |
| pfm_dynamic_tg1_0                           |    1 |
| pfm_dynamic_tg19_0                          |    1 |
| pfm_dynamic_tg18_0                          |    1 |
| pfm_dynamic_tg17_0                          |    1 |
| pfm_dynamic_tg16_0                          |    1 |
| pfm_dynamic_tg15_0                          |    1 |
| pfm_dynamic_tg14_0                          |    1 |
| pfm_dynamic_tg13_0                          |    1 |
| pfm_dynamic_tg12_0                          |    1 |
| pfm_dynamic_tg11_0                          |    1 |
| pfm_dynamic_tg10_0                          |    1 |
| pfm_dynamic_tg0_0                           |    1 |
| pfm_dynamic_s00_regslice_17                 |    1 |
| pfm_dynamic_s00_regslice_16                 |    1 |
| pfm_dynamic_s00_regslice_15                 |    1 |
| pfm_dynamic_regslice_pipe_ctrl_hbm_mgntpf_0 |    1 |
| pfm_dynamic_psreset_gate_pr_kernel_2        |    1 |
| pfm_dynamic_psreset_gate_pr_kernel_1        |    1 |
| pfm_dynamic_psreset_gate_pr_kernel_0        |    1 |
| pfm_dynamic_psreset_gate_pr_dataclk_0       |    1 |
| pfm_dynamic_psreset_gate_pr_data_1          |    1 |
| pfm_dynamic_psreset_gate_pr_control_2       |    1 |
| pfm_dynamic_psreset_gate_pr_control_1       |    1 |
| pfm_dynamic_psreset_gate_pr_control_0       |    1 |
| pfm_dynamic_m13_regslice_0                  |    1 |
| pfm_dynamic_m12_regslice_0                  |    1 |
| pfm_dynamic_m11_regslice_3                  |    1 |
| pfm_dynamic_m11_regslice_2                  |    1 |
| pfm_dynamic_m10_regslice_5                  |    1 |
| pfm_dynamic_m10_regslice_4                  |    1 |
| pfm_dynamic_m10_regslice_3                  |    1 |
| pfm_dynamic_m09_regslice_5                  |    1 |
| pfm_dynamic_m09_regslice_4                  |    1 |
| pfm_dynamic_m09_regslice_3                  |    1 |
| pfm_dynamic_m08_regslice_5                  |    1 |
| pfm_dynamic_m08_regslice_4                  |    1 |
| pfm_dynamic_m08_regslice_3                  |    1 |
| pfm_dynamic_m07_regslice_5                  |    1 |
| pfm_dynamic_m07_regslice_4                  |    1 |
| pfm_dynamic_m07_regslice_3                  |    1 |
| pfm_dynamic_m06_regslice_5                  |    1 |
| pfm_dynamic_m06_regslice_4                  |    1 |
| pfm_dynamic_m06_regslice_3                  |    1 |
| pfm_dynamic_m05_regslice_5                  |    1 |
| pfm_dynamic_m05_regslice_4                  |    1 |
| pfm_dynamic_m05_regslice_3                  |    1 |
| pfm_dynamic_m04_regslice_5                  |    1 |
| pfm_dynamic_m04_regslice_4                  |    1 |
| pfm_dynamic_m04_regslice_3                  |    1 |
| pfm_dynamic_m03_regslice_5                  |    1 |
| pfm_dynamic_m03_regslice_4                  |    1 |
| pfm_dynamic_m03_regslice_3                  |    1 |
| pfm_dynamic_m02_regslice_6                  |    1 |
| pfm_dynamic_m02_regslice_5                  |    1 |
| pfm_dynamic_m02_regslice_4                  |    1 |
| pfm_dynamic_m01_regslice_13                 |    1 |
| pfm_dynamic_m01_regslice_12                 |    1 |
| pfm_dynamic_m01_regslice_11                 |    1 |
| pfm_dynamic_m00_regslice_6                  |    1 |
| pfm_dynamic_m00_regslice_5                  |    1 |
| pfm_dynamic_m00_regslice_4                  |    1 |
| pfm_dynamic_hmss_0_0                        |    1 |
| pfm_dynamic_freq_counter_1_0                |    1 |
| pfm_dynamic_freq_counter_0_0                |    1 |
| pfm_dynamic_debug_bridge_xsdbm_0            |    1 |
| pfm_dynamic_axilite_user_input_reg_0        |    1 |
| pfm_dynamic_axi_vip_data_0                  |    1 |
| pfm_dynamic_axi_vip_ctrl_userpf_0           |    1 |
| pfm_dynamic_axi_vip_ctrl_mgntpf_0           |    1 |
| pfm_dynamic_axi_vip_ctrl_hbm_mgntpf_0       |    1 |
| pfm_dynamic_axi_gpio_null_slr2_0            |    1 |
| pfm_dynamic_axi_gpio_null_slr1_0            |    1 |
| pfm_dynamic_axi_gpio_null_slr0_0            |    1 |
| pfm_dynamic_auto_cc_9                       |    1 |
| pfm_dynamic_auto_cc_8                       |    1 |
| pfm_dynamic_auto_cc_7                       |    1 |
| pfm_dynamic_auto_cc_6                       |    1 |
| pfm_dynamic_auto_cc_5                       |    1 |
| pfm_dynamic_auto_cc_4                       |    1 |
| pfm_dynamic_auto_cc_31                      |    1 |
| pfm_dynamic_auto_cc_30                      |    1 |
| pfm_dynamic_auto_cc_3                       |    1 |
| pfm_dynamic_auto_cc_29                      |    1 |
| pfm_dynamic_auto_cc_28                      |    1 |
| pfm_dynamic_auto_cc_27                      |    1 |
| pfm_dynamic_auto_cc_26                      |    1 |
| pfm_dynamic_auto_cc_25                      |    1 |
| pfm_dynamic_auto_cc_24                      |    1 |
| pfm_dynamic_auto_cc_23                      |    1 |
| pfm_dynamic_auto_cc_22                      |    1 |
| pfm_dynamic_auto_cc_21                      |    1 |
| pfm_dynamic_auto_cc_20                      |    1 |
| pfm_dynamic_auto_cc_2                       |    1 |
| pfm_dynamic_auto_cc_19                      |    1 |
| pfm_dynamic_auto_cc_18                      |    1 |
| pfm_dynamic_auto_cc_17                      |    1 |
| pfm_dynamic_auto_cc_16                      |    1 |
| pfm_dynamic_auto_cc_15                      |    1 |
| pfm_dynamic_auto_cc_14                      |    1 |
| pfm_dynamic_auto_cc_13                      |    1 |
| pfm_dynamic_auto_cc_12                      |    1 |
| pfm_dynamic_auto_cc_11                      |    1 |
| pfm_dynamic_auto_cc_10                      |    1 |
| pfm_dynamic_auto_cc_1                       |    1 |
| pfm_dynamic_auto_cc_0                       |    1 |
| pfm_dynamic                                 |    1 |
| bd_ebbe_xsdbm_0                             |    1 |
| bd_ebbe_lut_buffer_0                        |    1 |
| bd_5dca_vip_S32_0                           |    1 |
| bd_5dca_vip_S31_0                           |    1 |
| bd_5dca_vip_S30_0                           |    1 |
| bd_5dca_vip_S29_0                           |    1 |
| bd_5dca_vip_S28_0                           |    1 |
| bd_5dca_vip_S27_0                           |    1 |
| bd_5dca_vip_S26_0                           |    1 |
| bd_5dca_vip_S25_0                           |    1 |
| bd_5dca_vip_S24_0                           |    1 |
| bd_5dca_vip_S23_0                           |    1 |
| bd_5dca_vip_S22_0                           |    1 |
| bd_5dca_vip_S21_0                           |    1 |
| bd_5dca_vip_S20_0                           |    1 |
| bd_5dca_vip_S19_0                           |    1 |
| bd_5dca_vip_S18_0                           |    1 |
| bd_5dca_vip_S17_0                           |    1 |
| bd_5dca_vip_S16_0                           |    1 |
| bd_5dca_vip_S15_0                           |    1 |
| bd_5dca_vip_S14_0                           |    1 |
| bd_5dca_vip_S12_0                           |    1 |
| bd_5dca_vip_S11_0                           |    1 |
| bd_5dca_vip_S10_0                           |    1 |
| bd_5dca_vip_S09_0                           |    1 |
| bd_5dca_vip_S08_0                           |    1 |
| bd_5dca_vip_S07_0                           |    1 |
| bd_5dca_vip_S06_0                           |    1 |
| bd_5dca_vip_S05_0                           |    1 |
| bd_5dca_vip_S04_0                           |    1 |
| bd_5dca_vip_S03_0                           |    1 |
| bd_5dca_vip_S02_0                           |    1 |
| bd_5dca_vip_S01_0                           |    1 |
| bd_5dca_util_vector_logic_0                 |    1 |
| bd_5dca_switch_2to1_12_0                    |    1 |
| bd_5dca_slice9_8_0                          |    1 |
| bd_5dca_slice8_7_0                          |    1 |
| bd_5dca_slice7_6_0                          |    1 |
| bd_5dca_slice6_5_0                          |    1 |
| bd_5dca_slice5_4_0                          |    1 |
| bd_5dca_slice4_3_0                          |    1 |
| bd_5dca_slice3_2_0                          |    1 |
| bd_5dca_slice32_31_0                        |    1 |
| bd_5dca_slice31_30_0                        |    1 |
| bd_5dca_slice30_29_0                        |    1 |
| bd_5dca_slice2_1_0                          |    1 |
| bd_5dca_slice29_28_0                        |    1 |
| bd_5dca_slice28_27_0                        |    1 |
| bd_5dca_slice27_26_0                        |    1 |
| bd_5dca_slice26_25_0                        |    1 |
| bd_5dca_slice25_24_0                        |    1 |
| bd_5dca_slice24_23_0                        |    1 |
| bd_5dca_slice23_22_0                        |    1 |
| bd_5dca_slice22_21_0                        |    1 |
| bd_5dca_slice21_20_0                        |    1 |
| bd_5dca_slice20_19_0                        |    1 |
| bd_5dca_slice1_0_0                          |    1 |
| bd_5dca_slice19_18_0                        |    1 |
| bd_5dca_slice18_17_0                        |    1 |
| bd_5dca_slice17_16_0                        |    1 |
| bd_5dca_slice16_15_0                        |    1 |
| bd_5dca_slice15_14_0                        |    1 |
| bd_5dca_slice14_13_0                        |    1 |
| bd_5dca_slice13_12_0                        |    1 |
| bd_5dca_slice12_11_0                        |    1 |
| bd_5dca_slice11_10_0                        |    1 |
| bd_5dca_slice10_9_0                         |    1 |
| bd_5dca_slice0_12_0                         |    1 |
| bd_5dca_interconnect9_8_0                   |    1 |
| bd_5dca_interconnect8_7_0                   |    1 |
| bd_5dca_interconnect7_6_0                   |    1 |
| bd_5dca_interconnect6_5_0                   |    1 |
| bd_5dca_interconnect5_4_0                   |    1 |
| bd_5dca_interconnect4_3_0                   |    1 |
| bd_5dca_interconnect3_2_0                   |    1 |
| bd_5dca_interconnect32_31_0                 |    1 |
| bd_5dca_interconnect31_30_0                 |    1 |
| bd_5dca_interconnect30_29_0                 |    1 |
| bd_5dca_interconnect2_1_0                   |    1 |
| bd_5dca_interconnect29_28_0                 |    1 |
| bd_5dca_interconnect28_27_0                 |    1 |
| bd_5dca_interconnect27_26_0                 |    1 |
| bd_5dca_interconnect26_25_0                 |    1 |
| bd_5dca_interconnect25_24_0                 |    1 |
| bd_5dca_interconnect24_23_0                 |    1 |
| bd_5dca_interconnect23_22_0                 |    1 |
| bd_5dca_interconnect22_21_0                 |    1 |
| bd_5dca_interconnect21_20_0                 |    1 |
| bd_5dca_interconnect20_19_0                 |    1 |
| bd_5dca_interconnect1_0_0                   |    1 |
| bd_5dca_interconnect19_18_0                 |    1 |
| bd_5dca_interconnect18_17_0                 |    1 |
| bd_5dca_interconnect17_16_0                 |    1 |
| bd_5dca_interconnect16_15_0                 |    1 |
| bd_5dca_interconnect15_14_0                 |    1 |
| bd_5dca_interconnect14_13_0                 |    1 |
| bd_5dca_interconnect12_11_0                 |    1 |
| bd_5dca_interconnect11_10_0                 |    1 |
| bd_5dca_interconnect10_9_0                  |    1 |
| bd_5dca_init_reduce_0                       |    1 |
| bd_5dca_hbm_reset_sync_SLR2_0               |    1 |
| bd_5dca_hbm_reset_sync_SLR1_0               |    1 |
| bd_5dca_hbm_reset_sync_SLR0_0               |    1 |
| bd_5dca_hbm_inst_0                          |    1 |
| bd_5dca_axi_apb_bridge_inst_0               |    1 |
| bd_4042_bs_switch_0                         |    1 |
| bd_3566_bsip_0                              |    1 |
| bd_3566_bs_switch_1_0                       |    1 |
| bd_3566_axi_jtag_0                          |    1 |
| bd_2e71_xsdbm_0                             |    1 |
| bd_2e71_lut_buffer_0                        |    1 |
| bd_2e71_bs_switch_0                         |    1 |
| bd_256f_lut_buffer_0                        |    1 |
| bd_256f_bs_switch_0                         |    1 |
| bd_0301_bsip_0                              |    1 |
| bd_0301_bs_switch_2                         |    1 |
| bd_0301_bs_switch_1_0                       |    1 |
| bd_0301_bs_mux_0                            |    1 |
| bd_0301_axi_jtag_0                          |    1 |
+---------------------------------------------+------+


12. SLR Connectivity
--------------------

+----------------------------------+-------+-------+-----------+-------+
|                                  |  Used | Fixed | Available | Util% |
+----------------------------------+-------+-------+-----------+-------+
| SLR2 <-> SLR1                    | 11623 |       |     23040 | 50.45 |
|   SLR1 -> SLR2                   |  5306 |       |           | 23.03 |
|     Using TX_REG only            |     1 |     1 |           |       |
|     Using RX_REG only            |    18 |    18 |           |       |
|     Using Both TX_REG and RX_REG |  3433 |     1 |           |       |
|   SLR2 -> SLR1                   |  6317 |       |           | 27.42 |
|     Using TX_REG only            |     0 |     0 |           |       |
|     Using RX_REG only            |     8 |     4 |           |       |
|     Using Both TX_REG and RX_REG |  4822 |     0 |           |       |
| SLR1 <-> SLR0                    | 17729 |       |     23040 | 76.95 |
|   SLR0 -> SLR1                   |  7476 |       |           | 32.45 |
|     Using TX_REG only            |    71 |    71 |           |       |
|     Using RX_REG only            |    66 |    61 |           |       |
|     Using Both TX_REG and RX_REG |  6642 |    55 |           |       |
|   SLR1 -> SLR0                   | 10253 |       |           | 44.50 |
|     Using TX_REG only            |    62 |    62 |           |       |
|     Using RX_REG only            |   886 |    71 |           |       |
|     Using Both TX_REG and RX_REG |  8477 |    60 |           |       |
+----------------------------------+-------+-------+-----------+-------+
| Total SLLs Used                  | 29352 |       |           |       |
+----------------------------------+-------+-------+-----------+-------+


13. SLR Connectivity Matrix
---------------------------

+-----------+------+------+-------+
| FROM \ TO | SLR2 | SLR1 |  SLR0 |
+-----------+------+------+-------+
| SLR2      |    0 | 6244 |    73 |
| SLR1      | 5153 |    0 | 10180 |
| SLR0      |  153 | 7323 |     0 |
+-----------+------+------+-------+


14. SLR CLB Logic and Dedicated Block Utilization
-------------------------------------------------

+----------------------------+--------+--------+--------+--------+--------+--------+
|          Site Type         |  SLR0  |  SLR1  |  SLR2  | SLR0 % | SLR1 % | SLR2 % |
+----------------------------+--------+--------+--------+--------+--------+--------+
| CLB                        |  43983 |  44805 |  42673 |  80.03 |  82.97 |  79.02 |
|   CLBL                     |  22813 |  23923 |  22852 |  77.91 |  81.70 |  78.05 |
|   CLBM                     |  21170 |  20882 |  19821 |  82.44 |  84.47 |  80.18 |
| CLB LUTs                   | 176895 | 191370 | 181847 |  40.23 |  44.30 |  42.09 |
|   LUT as Logic             | 141496 | 165189 | 153487 |  32.18 |  38.24 |  35.53 |
|     using O5 output only   |   1756 |   1411 |   2159 |   0.40 |   0.33 |   0.50 |
|     using O6 output only   | 103991 | 127210 | 112396 |  23.65 |  29.45 |  26.02 |
|     using O5 and O6        |  35749 |  36568 |  38932 |   8.13 |   8.46 |   9.01 |
|   LUT as Memory            |  35399 |  26181 |  28360 |  17.23 |  13.24 |  14.34 |
|     LUT as Distributed RAM |   9884 |  11037 |   8856 |   4.81 |   5.58 |   4.48 |
|       using O5 output only |      0 |      0 |      0 |   0.00 |   0.00 |   0.00 |
|       using O6 output only |     84 |    215 |     80 |   0.04 |   0.11 |   0.04 |
|       using O5 and O6      |   9800 |  10822 |   8776 |   4.77 |   5.47 |   4.44 |
|     LUT as Shift Register  |  25515 |  15144 |  19504 |  12.42 |   7.66 |   9.86 |
|       using O5 output only |      3 |      0 |      0 |  <0.01 |   0.00 |   0.00 |
|       using O6 output only |  21626 |  11826 |  16052 |  10.53 |   5.98 |   8.12 |
|       using O5 and O6      |   3886 |   3318 |   3452 |   1.89 |   1.68 |   1.75 |
| CLB Registers              | 349098 | 342889 | 326508 |  39.70 |  39.69 |  37.79 |
| CARRY8                     |   6421 |   7136 |   6976 |  11.68 |  13.21 |  12.92 |
| F7 Muxes                   |   6597 |   2697 |   6211 |   3.00 |   1.25 |   2.88 |
| F8 Muxes                   |     16 |    141 |     47 |   0.01 |   0.13 |   0.04 |
| F9 Muxes                   |      0 |      0 |      0 |   0.00 |   0.00 |   0.00 |
| Block RAM Tile             |  184.5 |    251 |  264.5 |  27.46 |  37.35 |  39.36 |
|   RAMB36/FIFO              |    178 |    245 |    257 |  26.49 |  36.46 |  38.24 |
|     RAMB36E2 only          |    178 |    245 |    257 |  26.49 |  36.46 |  38.24 |
|   RAMB18                   |     13 |     12 |     15 |   0.97 |   0.89 |   1.12 |
|     RAMB18E2 only          |     13 |     12 |     15 |   0.97 |   0.89 |   1.12 |
| URAM                       |     80 |     88 |     88 |  25.00 |  27.50 |  27.50 |
| DSPs                       |      0 |      0 |      4 |   0.00 |   0.00 |   0.13 |
| PLL                        |      0 |      0 |      0 |   0.00 |   0.00 |   0.00 |
| MMCM                       |      0 |      0 |      0 |   0.00 |   0.00 |   0.00 |
| Unique Control Sets        |   5279 |   5230 |   6617 |   4.80 |   4.84 |   6.13 |
+----------------------------+--------+--------+--------+--------+--------+--------+
* Note: Available Control Sets based on CLB Registers / 8


15. SLR IO Utilization
----------------------

+-----------+-----------+---------+------------+----------+------------+----------+-----+
| SLR Index | Used IOBs | (%)IOBs | Used IPADs | (%)IPADs | Used OPADs | (%)OPADs | GTs |
+-----------+-----------+---------+------------+----------+------------+----------+-----+
| SLR2      |        18 |    8.65 |          0 |     0.00 |          0 |     0.00 |   0 |
| SLR1      |         0 |    0.00 |          0 |     0.00 |          0 |     0.00 |   0 |
| SLR0      |         1 |    0.48 |          0 |     0.00 |          0 |     0.00 |  16 |
+-----------+-----------+---------+------------+----------+------------+----------+-----+
| Total     |        19 |         |          0 |          |          0 |          |  16 |
+-----------+-----------+---------+------------+----------+------------+----------+-----+


