Copyright 1986-2020 Xilinx, Inc. All Rights Reserved.
--------------------------------------------------------------------------------------------------------------------------------------------------------------------------------------------------------------------------------------------------------------------------------------------------------------------------------------------------------------------------------------------------------------------------------------------------------------------------------------------------------------------------------------------------------------------------------------------------------------------------------------------------------------------------------------------------------------------------------------------------------------------------------------------------------------------------------------------------------------------------------------------------------------------------------------------------------------------------------------------------------------------------------------------------------------------------------------------------------------------------------------------------------------------------------------------------------------------------------------------------------------------------------------------------------------------------------------------------------------------------------------------------------------------------------------------------------------------------------------------------------------------------------------------------------------------------------------------------------------------------------------------------------------------
| Tool Version : Vivado v.2020.2 (lin64) Build 3064766 Wed Nov 18 09:12:47 MST 2020
| Date         : Sat Jun  3 17:51:25 2023
| Host         : zhang-21.ece.cornell.edu running 64-bit CentOS Linux release 7.9.2009 (Core)
| Command      : report_accelerator_utilization -kernels { hbm_tg:pfm_top_i/dynamic_region/tg0/inst:tg0 hbm_tg:pfm_top_i/dynamic_region/tg1/inst:tg1 hbm_tg:pfm_top_i/dynamic_region/tg10/inst:tg10 hbm_tg:pfm_top_i/dynamic_region/tg11/inst:tg11 hbm_tg:pfm_top_i/dynamic_region/tg12/inst:tg12 hbm_tg:pfm_top_i/dynamic_region/tg13/inst:tg13 hbm_tg:pfm_top_i/dynamic_region/tg14/inst:tg14 hbm_tg:pfm_top_i/dynamic_region/tg15/inst:tg15 hbm_tg:pfm_top_i/dynamic_region/tg16/inst:tg16 hbm_tg:pfm_top_i/dynamic_region/tg17/inst:tg17 hbm_tg:pfm_top_i/dynamic_region/tg18/inst:tg18 hbm_tg:pfm_top_i/dynamic_region/tg19/inst:tg19 hbm_tg:pfm_top_i/dynamic_region/tg2/inst:tg2 hbm_tg:pfm_top_i/dynamic_region/tg20/inst:tg20 hbm_tg:pfm_top_i/dynamic_region/tg21/inst:tg21 hbm_tg:pfm_top_i/dynamic_region/tg22/inst:tg22 hbm_tg:pfm_top_i/dynamic_region/tg23/inst:tg23 hbm_tg:pfm_top_i/dynamic_region/tg24/inst:tg24 hbm_tg:pfm_top_i/dynamic_region/tg25/inst:tg25 hbm_tg:pfm_top_i/dynamic_region/tg26/inst:tg26 hbm_tg:pfm_top_i/dynamic_region/tg27/inst:tg27 hbm_tg:pfm_top_i/dynamic_region/tg28/inst:tg28 hbm_tg:pfm_top_i/dynamic_region/tg29/inst:tg29 hbm_tg:pfm_top_i/dynamic_region/tg3/inst:tg3 hbm_tg:pfm_top_i/dynamic_region/tg30/inst:tg30 hbm_tg:pfm_top_i/dynamic_region/tg31/inst:tg31 hbm_tg:pfm_top_i/dynamic_region/tg4/inst:tg4 hbm_tg:pfm_top_i/dynamic_region/tg5/inst:tg5 hbm_tg:pfm_top_i/dynamic_region/tg6/inst:tg6 hbm_tg:pfm_top_i/dynamic_region/tg7/inst:tg7 hbm_tg:pfm_top_i/dynamic_region/tg8/inst:tg8 hbm_tg:pfm_top_i/dynamic_region/tg9/inst:tg9} -file kernel_util_routed.rpt -name kernel_util_routed -json
| Design       : pfm_top_wrapper
| Device       : xcu280
| Design State : Routed
--------------------------------------------------------------------------------------------------------------------------------------------------------------------------------------------------------------------------------------------------------------------------------------------------------------------------------------------------------------------------------------------------------------------------------------------------------------------------------------------------------------------------------------------------------------------------------------------------------------------------------------------------------------------------------------------------------------------------------------------------------------------------------------------------------------------------------------------------------------------------------------------------------------------------------------------------------------------------------------------------------------------------------------------------------------------------------------------------------------------------------------------------------------------------------------------------------------------------------------------------------------------------------------------------------------------------------------------------------------------------------------------------------------------------------------------------------------------------------------------------------------------------------------------------------------------------------------------------------------------------------------------------------------------

Accelerator Utilization Design Information

Table of Contents
-----------------
1. System Utilization

1. System Utilization
---------------------

+---------------------+-------------------+------------------+-------------------+----------------+---------------+----------------+
| Name                | LUT               | LUTAsMem         | REG               | BRAM           | URAM          | DSP            |
+---------------------+-------------------+------------------+-------------------+----------------+---------------+----------------+
| Platform            |  205993 [ 15.81%] |  55892 [  9.31%] |  431816 [ 16.57%] |  204 [ 10.12%] |   0 [  0.00%] |    4 [  0.04%] |
| User Budget         | 1096727 [100.00%] | 544588 [100.00%] | 2173624 [100.00%] | 1812 [100.00%] | 960 [100.00%] | 9020 [100.00%] |
|    Used Resources   |  344253 [ 31.39%] |  34048 [  6.25%] |  586681 [ 26.99%] |  480 [ 26.49%] | 256 [ 26.67%] |    0 [  0.00%] |
|    Unused Resources |  752474 [ 68.61%] | 510540 [ 93.75%] | 1586943 [ 73.01%] | 1332 [ 73.51%] | 704 [ 73.33%] | 9020 [100.00%] |
| hbm_tg              |  344253 [ 31.39%] |  34048 [  6.25%] |  586681 [ 26.99%] |  480 [ 26.49%] | 256 [ 26.67%] |    0 [  0.00%] |
|    tg0              |   10770 [  0.98%] |   1064 [  0.20%] |   18339 [  0.84%] |   15 [  0.83%] |   8 [  0.83%] |    0 [  0.00%] |
|    tg1              |   10757 [  0.98%] |   1064 [  0.20%] |   18360 [  0.84%] |   15 [  0.83%] |   8 [  0.83%] |    0 [  0.00%] |
|    tg10             |   10753 [  0.98%] |   1064 [  0.20%] |   18357 [  0.84%] |   15 [  0.83%] |   8 [  0.83%] |    0 [  0.00%] |
|    tg11             |   10757 [  0.98%] |   1064 [  0.20%] |   18331 [  0.84%] |   15 [  0.83%] |   8 [  0.83%] |    0 [  0.00%] |
|    tg12             |   10763 [  0.98%] |   1064 [  0.20%] |   18332 [  0.84%] |   15 [  0.83%] |   8 [  0.83%] |    0 [  0.00%] |
|    tg13             |   10747 [  0.98%] |   1064 [  0.20%] |   18327 [  0.84%] |   15 [  0.83%] |   8 [  0.83%] |    0 [  0.00%] |
|    tg14             |   10765 [  0.98%] |   1064 [  0.20%] |   18315 [  0.84%] |   15 [  0.83%] |   8 [  0.83%] |    0 [  0.00%] |
|    tg15             |   10755 [  0.98%] |   1064 [  0.20%] |   18325 [  0.84%] |   15 [  0.83%] |   8 [  0.83%] |    0 [  0.00%] |
|    tg16             |   10766 [  0.98%] |   1064 [  0.20%] |   18344 [  0.84%] |   15 [  0.83%] |   8 [  0.83%] |    0 [  0.00%] |
|    tg17             |   10758 [  0.98%] |   1064 [  0.20%] |   18331 [  0.84%] |   15 [  0.83%] |   8 [  0.83%] |    0 [  0.00%] |
|    tg18             |   10755 [  0.98%] |   1064 [  0.20%] |   18347 [  0.84%] |   15 [  0.83%] |   8 [  0.83%] |    0 [  0.00%] |
|    tg19             |   10758 [  0.98%] |   1064 [  0.20%] |   18343 [  0.84%] |   15 [  0.83%] |   8 [  0.83%] |    0 [  0.00%] |
|    tg2              |   10676 [  0.97%] |   1064 [  0.20%] |   18320 [  0.84%] |   15 [  0.83%] |   8 [  0.83%] |    0 [  0.00%] |
|    tg20             |   10759 [  0.98%] |   1064 [  0.20%] |   18332 [  0.84%] |   15 [  0.83%] |   8 [  0.83%] |    0 [  0.00%] |
|    tg21             |   10759 [  0.98%] |   1064 [  0.20%] |   18354 [  0.84%] |   15 [  0.83%] |   8 [  0.83%] |    0 [  0.00%] |
|    tg22             |   10774 [  0.98%] |   1064 [  0.20%] |   18344 [  0.84%] |   15 [  0.83%] |   8 [  0.83%] |    0 [  0.00%] |
|    tg23             |   10769 [  0.98%] |   1064 [  0.20%] |   18334 [  0.84%] |   15 [  0.83%] |   8 [  0.83%] |    0 [  0.00%] |
|    tg24             |   10746 [  0.98%] |   1064 [  0.20%] |   18323 [  0.84%] |   15 [  0.83%] |   8 [  0.83%] |    0 [  0.00%] |
|    tg25             |   10758 [  0.98%] |   1064 [  0.20%] |   18321 [  0.84%] |   15 [  0.83%] |   8 [  0.83%] |    0 [  0.00%] |
|    tg26             |   10753 [  0.98%] |   1064 [  0.20%] |   18324 [  0.84%] |   15 [  0.83%] |   8 [  0.83%] |    0 [  0.00%] |
|    tg27             |   10761 [  0.98%] |   1064 [  0.20%] |   18328 [  0.84%] |   15 [  0.83%] |   8 [  0.83%] |    0 [  0.00%] |
|    tg28             |   10755 [  0.98%] |   1064 [  0.20%] |   18340 [  0.84%] |   15 [  0.83%] |   8 [  0.83%] |    0 [  0.00%] |
|    tg29             |   10753 [  0.98%] |   1064 [  0.20%] |   18329 [  0.84%] |   15 [  0.83%] |   8 [  0.83%] |    0 [  0.00%] |
|    tg3              |   10760 [  0.98%] |   1064 [  0.20%] |   18344 [  0.84%] |   15 [  0.83%] |   8 [  0.83%] |    0 [  0.00%] |
|    tg30             |   10762 [  0.98%] |   1064 [  0.20%] |   18334 [  0.84%] |   15 [  0.83%] |   8 [  0.83%] |    0 [  0.00%] |
|    tg31             |   10770 [  0.98%] |   1064 [  0.20%] |   18348 [  0.84%] |   15 [  0.83%] |   8 [  0.83%] |    0 [  0.00%] |
|    tg4              |   10773 [  0.98%] |   1064 [  0.20%] |   18344 [  0.84%] |   15 [  0.83%] |   8 [  0.83%] |    0 [  0.00%] |
|    tg5              |   10763 [  0.98%] |   1064 [  0.20%] |   18319 [  0.84%] |   15 [  0.83%] |   8 [  0.83%] |    0 [  0.00%] |
|    tg6              |   10773 [  0.98%] |   1064 [  0.20%] |   18329 [  0.84%] |   15 [  0.83%] |   8 [  0.83%] |    0 [  0.00%] |
|    tg7              |   10774 [  0.98%] |   1064 [  0.20%] |   18307 [  0.84%] |   15 [  0.83%] |   8 [  0.83%] |    0 [  0.00%] |
|    tg8              |   10770 [  0.98%] |   1064 [  0.20%] |   18312 [  0.84%] |   15 [  0.83%] |   8 [  0.83%] |    0 [  0.00%] |
|    tg9              |   10741 [  0.98%] |   1064 [  0.20%] |   18344 [  0.84%] |   15 [  0.83%] |   8 [  0.83%] |    0 [  0.00%] |
+---------------------+-------------------+------------------+-------------------+----------------+---------------+----------------+


