Copyright 1986-2020 Xilinx, Inc. All Rights Reserved.
------------------------------------------------------------------------------------------
| Tool Version : Vivado v.2020.2 (lin64) Build 3064766 Wed Nov 18 09:12:47 MST 2020
| Date         : Fri Jun  2 23:27:15 2023
| Host         : zhang-24.ece.cornell.edu running 64-bit unknown
| Command      : report_utilization -slr -file slr_util_routed.rpt -pb slr_util_routed.pb
| Design       : pfm_top_wrapper
| Device       : xcu280fsvh2892-2L
| Design State : Routed
------------------------------------------------------------------------------------------

Utilization Design Information

Table of Contents
-----------------
1. SLR Connectivity
2. SLR Connectivity Matrix
3. SLR CLB Logic and Dedicated Block Utilization
4. SLR IO Utilization

1. SLR Connectivity
-------------------

+----------------------------------+------+-------+-----------+-------+
|                                  | Used | Fixed | Available | Util% |
+----------------------------------+------+-------+-----------+-------+
| SLR2 <-> SLR1                    | 3959 |       |     23040 | 17.18 |
|   SLR1 -> SLR2                   | 2081 |       |           |  9.03 |
|     Using TX_REG only            |  267 |     1 |           |       |
|     Using RX_REG only            |  284 |    18 |           |       |
|     Using Both TX_REG and RX_REG |  267 |     1 |           |       |
|   SLR2 -> SLR1                   | 1878 |       |           |  8.15 |
|     Using TX_REG only            |  407 |     0 |           |       |
|     Using RX_REG only            |  412 |     4 |           |       |
|     Using Both TX_REG and RX_REG |  407 |     0 |           |       |
| SLR1 <-> SLR0                    | 2534 |       |     23040 | 11.00 |
|   SLR0 -> SLR1                   | 1139 |       |           |  4.94 |
|     Using TX_REG only            |  371 |    71 |           |       |
|     Using RX_REG only            |  361 |    61 |           |       |
|     Using Both TX_REG and RX_REG |  355 |    55 |           |       |
|   SLR1 -> SLR0                   | 1395 |       |           |  6.05 |
|     Using TX_REG only            |  441 |    62 |           |       |
|     Using RX_REG only            |  452 |    71 |           |       |
|     Using Both TX_REG and RX_REG |  439 |    60 |           |       |
+----------------------------------+------+-------+-----------+-------+
| Total SLLs Used                  | 6493 |       |           |       |
+----------------------------------+------+-------+-----------+-------+


2. SLR Connectivity Matrix
--------------------------

+-----------+------+------+------+
| FROM \ TO | SLR2 | SLR1 | SLR0 |
+-----------+------+------+------+
| SLR2      |    0 | 1878 |    0 |
| SLR1      | 1958 |    0 | 1395 |
| SLR0      |  123 | 1016 |    0 |
+-----------+------+------+------+


3. SLR CLB Logic and Dedicated Block Utilization
------------------------------------------------

+----------------------------+-------+-------+-------+--------+--------+--------+
|          Site Type         |  SLR0 |  SLR1 |  SLR2 | SLR0 % | SLR1 % | SLR2 % |
+----------------------------+-------+-------+-------+--------+--------+--------+
| CLB                        |  9578 |  8162 |  8749 |  17.43 |  15.11 |  16.20 |
|   CLBL                     |  4740 |  4144 |  4566 |  16.19 |  14.15 |  15.59 |
|   CLBM                     |  4838 |  4018 |  4183 |  18.84 |  16.25 |  16.92 |
| CLB LUTs                   | 30072 | 47703 | 35329 |   6.84 |  11.04 |   8.18 |
|   LUT as Logic             | 26174 | 43701 | 32307 |   5.95 |  10.12 |   7.48 |
|     using O5 output only   |   487 |   289 |  1005 |   0.11 |   0.07 |   0.23 |
|     using O6 output only   | 18248 | 34272 | 19439 |   4.15 |   7.93 |   4.50 |
|     using O5 and O6        |  7439 |  9140 | 11863 |   1.69 |   2.12 |   2.75 |
|   LUT as Memory            |  3898 |  4002 |  3022 |   1.90 |   2.02 |   1.53 |
|     LUT as Distributed RAM |  1128 |  3837 |  1672 |   0.55 |   1.94 |   0.85 |
|       using O5 output only |     0 |     0 |     0 |   0.00 |   0.00 |   0.00 |
|       using O6 output only |    80 |   215 |    80 |   0.04 |   0.11 |   0.04 |
|       using O5 and O6      |  1048 |  3622 |  1592 |   0.51 |   1.83 |   0.81 |
|     LUT as Shift Register  |  2770 |   165 |  1350 |   1.35 |   0.08 |   0.68 |
|       using O5 output only |     0 |     0 |     0 |   0.00 |   0.00 |   0.00 |
|       using O6 output only |  1600 |   165 |  1220 |   0.78 |   0.08 |   0.62 |
|       using O5 and O6      |  1170 |     0 |   130 |   0.57 |   0.00 |   0.07 |
| CLB Registers              | 60378 | 46635 | 60660 |   6.87 |   5.40 |   7.02 |
| CARRY8                     |   937 |   473 |   313 |   1.70 |   0.88 |   0.58 |
| F7 Muxes                   |   602 |   651 |  1054 |   0.27 |   0.30 |   0.49 |
| F8 Muxes                   |    16 |   141 |    47 |   0.01 |   0.13 |   0.04 |
| F9 Muxes                   |     0 |     0 |     0 |   0.00 |   0.00 |   0.00 |
| Block RAM Tile             |    43 |  80.5 |    94 |   6.40 |  11.98 |  13.99 |
|   RAMB36/FIFO              |    41 |    80 |    92 |   6.10 |  11.90 |  13.69 |
|     RAMB36E2 only          |    41 |    80 |    92 |   6.10 |  11.90 |  13.69 |
|   RAMB18                   |     4 |     1 |     4 |   0.30 |   0.07 |   0.30 |
|     RAMB18E2 only          |     4 |     1 |     4 |   0.30 |   0.07 |   0.30 |
| URAM                       |     8 |     0 |     0 |   2.50 |   0.00 |   0.00 |
| DSPs                       |     0 |     0 |     4 |   0.00 |   0.00 |   0.13 |
| PLL                        |     0 |     0 |     0 |   0.00 |   0.00 |   0.00 |
| MMCM                       |     0 |     0 |     0 |   0.00 |   0.00 |   0.00 |
| Unique Control Sets        |  1662 |  1507 |  2724 |   1.51 |   1.40 |   2.52 |
+----------------------------+-------+-------+-------+--------+--------+--------+
* Note: Available Control Sets based on CLB Registers / 8


4. SLR IO Utilization
---------------------

+-----------+-----------+---------+------------+----------+------------+----------+-----+
| SLR Index | Used IOBs | (%)IOBs | Used IPADs | (%)IPADs | Used OPADs | (%)OPADs | GTs |
+-----------+-----------+---------+------------+----------+------------+----------+-----+
| SLR2      |        18 |    8.65 |          0 |     0.00 |          0 |     0.00 |   0 |
| SLR1      |         0 |    0.00 |          0 |     0.00 |          0 |     0.00 |   0 |
| SLR0      |         1 |    0.48 |          0 |     0.00 |          0 |     0.00 |  16 |
+-----------+-----------+---------+------------+----------+------------+----------+-----+
| Total     |        19 |         |          0 |          |          0 |          |  16 |
+-----------+-----------+---------+------------+----------+------------+----------+-----+


