Copyright 1986-2020 Xilinx, Inc. All Rights Reserved.
--------------------------------------------------------------------------------------------------------------------------------------------------------------------------------------------------------
| Tool Version : Vivado v.2020.2 (lin64) Build 3064766 Wed Nov 18 09:12:47 MST 2020
| Date         : Tue Jun  6 16:10:26 2023
| Host         : zhang-24.ece.cornell.edu running 64-bit unknown
| Command      : report_utilization -file /work/shared/common/project_build/hbm_ubmark/one2all_1t8c/output/link/report/sr_util_routed.rpt -hierarchical -hierarchical_percentages -hierarchical_depth 2
| Design       : pfm_top_wrapper
| Device       : xcu280fsvh2892-2L
| Design State : Routed
--------------------------------------------------------------------------------------------------------------------------------------------------------------------------------------------------------

Utilization Design Information

Table of Contents
-----------------
1. Utilization by Hierarchy

1. Utilization by Hierarchy
---------------------------

+---------------------+---------------------------+----------------+--------------+---------------+---------------+-------------+-------------+----------------+-------------+----------+----------+------------+
|       Instance      |           Module          |  PR Attribute  | Total PPLOCs |   Total LUTs  |   Logic LUTs  |   LUTRAMs   |     SRLs    |       FFs      |    RAMB36   |  RAMB18  |   URAM   | DSP Blocks |
+---------------------+---------------------------+----------------+--------------+---------------+---------------+-------------+-------------+----------------+-------------+----------+----------+------------+
| pfm_top_wrapper     |                     (top) |              - |          688 | 113104(8.68%) | 102182(7.84%) | 6637(1.11%) | 4285(0.71%) |  167673(6.44%) | 213(10.57%) | 9(0.22%) | 8(0.83%) |   4(0.04%) |
|   (pfm_top_wrapper) |                     (top) |              - |            - |      0(0.00%) |      0(0.00%) |    0(0.00%) |    0(0.00%) |       0(0.00%) |    0(0.00%) | 0(0.00%) | 0(0.00%) |   0(0.00%) |
|   pfm_top_i         |                   pfm_top |              - |            - | 113104(8.68%) | 102182(7.84%) | 6637(1.11%) | 4285(0.71%) |  167673(6.44%) | 213(10.57%) | 9(0.22%) | 8(0.83%) |   4(0.04%) |
|     (pfm_top_i)     |                   pfm_top |              - |            - |      0(0.00%) |      0(0.00%) |    0(0.00%) |    0(0.00%) |       0(0.00%) |    0(0.00%) | 0(0.00%) | 0(0.00%) |   0(0.00%) |
|     dynamic_region  |               pfm_dynamic | Reconfigurable |          688 |  19824(1.70%) |  15763(1.35%) | 1464(0.28%) | 2597(0.49%) |   38927(1.67%) |   17(0.97%) | 1(0.03%) | 8(0.00%) |   0(0.00%) |
|     static_region   | static_region_imp_1TEKTPK |         Static |            - | 93280(67.01%) | 86419(62.08%) | 5173(7.48%) | 1688(2.44%) | 128746(46.24%) | 196(74.24%) | 8(1.52%) | 0(0.00%) |   4(0.76%) |
|     xlconstant_0    |    pfm_top_xlconstant_0_2 |         Static |            - |      0(0.00%) |      0(0.00%) |    0(0.00%) |    0(0.00%) |       0(0.00%) |    0(0.00%) | 0(0.00%) | 0(0.00%) |   0(0.00%) |
+---------------------+---------------------------+----------------+--------------+---------------+---------------+-------------+-------------+----------------+-------------+----------+----------+------------+
* Note: The sum of lower-level cells may be larger than their parent cells total, due to cross-hierarchy LUT combining.
  The percentages are calculated based on static or reconfigurable regions where the instances belong


