Copyright 1986-2020 Xilinx, Inc. All Rights Reserved.
----------------------------------------------------------------------------------------------------------------------------------------------------------------------------------------------------------------------------------------------------------------------------------------------------------------------------------------------------------------------------------------------------------------------------------------------------------------------------------------------------------------------------------------------------------------------------------------------------------------------------------------------------------------------------------------------------------------------------------------------------------------------------------------------------------------------------------------------------------------------------------------------------------------------------------------------------------------------------------------------------------------------------------------------------------------------------------------------------------------------------------------------------------------------------------------------------------------------------------------------------------------------------------------------------------------------------------------------------------------------------------------------------------------------------------------------------------------------------------------------------------------------------------------------------------------------------------------------------------------------------------------------------------------------
| Tool Version : Vivado v.2020.2 (lin64) Build 3064766 Wed Nov 18 09:12:47 MST 2020
| Date         : Fri Jun  2 20:55:01 2023
| Host         : zhang-21.ece.cornell.edu running 64-bit CentOS Linux release 7.9.2009 (Core)
| Command      : report_accelerator_utilization -kernels { hbm_tg:pfm_top_i/dynamic_region/tg0/inst:tg0 hbm_tg:pfm_top_i/dynamic_region/tg1/inst:tg1 hbm_tg:pfm_top_i/dynamic_region/tg10/inst:tg10 hbm_tg:pfm_top_i/dynamic_region/tg11/inst:tg11 hbm_tg:pfm_top_i/dynamic_region/tg12/inst:tg12 hbm_tg:pfm_top_i/dynamic_region/tg13/inst:tg13 hbm_tg:pfm_top_i/dynamic_region/tg14/inst:tg14 hbm_tg:pfm_top_i/dynamic_region/tg15/inst:tg15 hbm_tg:pfm_top_i/dynamic_region/tg16/inst:tg16 hbm_tg:pfm_top_i/dynamic_region/tg17/inst:tg17 hbm_tg:pfm_top_i/dynamic_region/tg18/inst:tg18 hbm_tg:pfm_top_i/dynamic_region/tg19/inst:tg19 hbm_tg:pfm_top_i/dynamic_region/tg2/inst:tg2 hbm_tg:pfm_top_i/dynamic_region/tg20/inst:tg20 hbm_tg:pfm_top_i/dynamic_region/tg21/inst:tg21 hbm_tg:pfm_top_i/dynamic_region/tg22/inst:tg22 hbm_tg:pfm_top_i/dynamic_region/tg23/inst:tg23 hbm_tg:pfm_top_i/dynamic_region/tg24/inst:tg24 hbm_tg:pfm_top_i/dynamic_region/tg25/inst:tg25 hbm_tg:pfm_top_i/dynamic_region/tg26/inst:tg26 hbm_tg:pfm_top_i/dynamic_region/tg27/inst:tg27 hbm_tg:pfm_top_i/dynamic_region/tg28/inst:tg28 hbm_tg:pfm_top_i/dynamic_region/tg29/inst:tg29 hbm_tg:pfm_top_i/dynamic_region/tg3/inst:tg3 hbm_tg:pfm_top_i/dynamic_region/tg30/inst:tg30 hbm_tg:pfm_top_i/dynamic_region/tg31/inst:tg31 hbm_tg:pfm_top_i/dynamic_region/tg4/inst:tg4 hbm_tg:pfm_top_i/dynamic_region/tg5/inst:tg5 hbm_tg:pfm_top_i/dynamic_region/tg6/inst:tg6 hbm_tg:pfm_top_i/dynamic_region/tg7/inst:tg7 hbm_tg:pfm_top_i/dynamic_region/tg8/inst:tg8 hbm_tg:pfm_top_i/dynamic_region/tg9/inst:tg9} -file kernel_util_synthed.rpt -name kernel_util_synthed -json
| Design       : pfm_top_wrapper
| Device       : xcu280
| Design State : Synthesized
----------------------------------------------------------------------------------------------------------------------------------------------------------------------------------------------------------------------------------------------------------------------------------------------------------------------------------------------------------------------------------------------------------------------------------------------------------------------------------------------------------------------------------------------------------------------------------------------------------------------------------------------------------------------------------------------------------------------------------------------------------------------------------------------------------------------------------------------------------------------------------------------------------------------------------------------------------------------------------------------------------------------------------------------------------------------------------------------------------------------------------------------------------------------------------------------------------------------------------------------------------------------------------------------------------------------------------------------------------------------------------------------------------------------------------------------------------------------------------------------------------------------------------------------------------------------------------------------------------------------------------------------------------------------

Accelerator Utilization Design Information

Table of Contents
-----------------
1. System Utilization

1. System Utilization
---------------------

+---------------------+-------------------+------------------+-------------------+----------------+---------------+----------------+
| Name                | LUT               | LUTAsMem         | REG               | BRAM           | URAM          | DSP            |
+---------------------+-------------------+------------------+-------------------+----------------+---------------+----------------+
| Platform            |  233344 [ 17.91%] |  60297 [ 10.04%] |  509769 [ 19.57%] |  204 [ 10.12%] |   0 [  0.00%] |    4 [  0.04%] |
| User Budget         | 1069376 [100.00%] | 540183 [100.00%] | 2095671 [100.00%] | 1812 [100.00%] | 960 [100.00%] | 9020 [100.00%] |
|    Used Resources   |  358656 [ 33.54%] |  44608 [  8.26%] |  591840 [ 28.24%] |  480 [ 26.49%] | 256 [ 26.67%] |    0 [  0.00%] |
|    Unused Resources |  710720 [ 66.46%] | 495575 [ 91.74%] | 1503831 [ 71.76%] | 1332 [ 73.51%] | 704 [ 73.33%] | 9020 [100.00%] |
| hbm_tg              |  358656 [ 33.54%] |  44608 [  8.26%] |  591840 [ 28.24%] |  480 [ 26.49%] | 256 [ 26.67%] |    0 [  0.00%] |
|    tg0              |   11208 [  1.05%] |   1394 [  0.26%] |   18495 [  0.88%] |   15 [  0.83%] |   8 [  0.83%] |    0 [  0.00%] |
|    tg1              |   11208 [  1.05%] |   1394 [  0.26%] |   18495 [  0.88%] |   15 [  0.83%] |   8 [  0.83%] |    0 [  0.00%] |
|    tg10             |   11208 [  1.05%] |   1394 [  0.26%] |   18495 [  0.88%] |   15 [  0.83%] |   8 [  0.83%] |    0 [  0.00%] |
|    tg11             |   11208 [  1.05%] |   1394 [  0.26%] |   18495 [  0.88%] |   15 [  0.83%] |   8 [  0.83%] |    0 [  0.00%] |
|    tg12             |   11208 [  1.05%] |   1394 [  0.26%] |   18495 [  0.88%] |   15 [  0.83%] |   8 [  0.83%] |    0 [  0.00%] |
|    tg13             |   11208 [  1.05%] |   1394 [  0.26%] |   18495 [  0.88%] |   15 [  0.83%] |   8 [  0.83%] |    0 [  0.00%] |
|    tg14             |   11208 [  1.05%] |   1394 [  0.26%] |   18495 [  0.88%] |   15 [  0.83%] |   8 [  0.83%] |    0 [  0.00%] |
|    tg15             |   11208 [  1.05%] |   1394 [  0.26%] |   18495 [  0.88%] |   15 [  0.83%] |   8 [  0.83%] |    0 [  0.00%] |
|    tg16             |   11208 [  1.05%] |   1394 [  0.26%] |   18495 [  0.88%] |   15 [  0.83%] |   8 [  0.83%] |    0 [  0.00%] |
|    tg17             |   11208 [  1.05%] |   1394 [  0.26%] |   18495 [  0.88%] |   15 [  0.83%] |   8 [  0.83%] |    0 [  0.00%] |
|    tg18             |   11208 [  1.05%] |   1394 [  0.26%] |   18495 [  0.88%] |   15 [  0.83%] |   8 [  0.83%] |    0 [  0.00%] |
|    tg19             |   11208 [  1.05%] |   1394 [  0.26%] |   18495 [  0.88%] |   15 [  0.83%] |   8 [  0.83%] |    0 [  0.00%] |
|    tg2              |   11208 [  1.05%] |   1394 [  0.26%] |   18495 [  0.88%] |   15 [  0.83%] |   8 [  0.83%] |    0 [  0.00%] |
|    tg20             |   11208 [  1.05%] |   1394 [  0.26%] |   18495 [  0.88%] |   15 [  0.83%] |   8 [  0.83%] |    0 [  0.00%] |
|    tg21             |   11208 [  1.05%] |   1394 [  0.26%] |   18495 [  0.88%] |   15 [  0.83%] |   8 [  0.83%] |    0 [  0.00%] |
|    tg22             |   11208 [  1.05%] |   1394 [  0.26%] |   18495 [  0.88%] |   15 [  0.83%] |   8 [  0.83%] |    0 [  0.00%] |
|    tg23             |   11208 [  1.05%] |   1394 [  0.26%] |   18495 [  0.88%] |   15 [  0.83%] |   8 [  0.83%] |    0 [  0.00%] |
|    tg24             |   11208 [  1.05%] |   1394 [  0.26%] |   18495 [  0.88%] |   15 [  0.83%] |   8 [  0.83%] |    0 [  0.00%] |
|    tg25             |   11208 [  1.05%] |   1394 [  0.26%] |   18495 [  0.88%] |   15 [  0.83%] |   8 [  0.83%] |    0 [  0.00%] |
|    tg26             |   11208 [  1.05%] |   1394 [  0.26%] |   18495 [  0.88%] |   15 [  0.83%] |   8 [  0.83%] |    0 [  0.00%] |
|    tg27             |   11208 [  1.05%] |   1394 [  0.26%] |   18495 [  0.88%] |   15 [  0.83%] |   8 [  0.83%] |    0 [  0.00%] |
|    tg28             |   11208 [  1.05%] |   1394 [  0.26%] |   18495 [  0.88%] |   15 [  0.83%] |   8 [  0.83%] |    0 [  0.00%] |
|    tg29             |   11208 [  1.05%] |   1394 [  0.26%] |   18495 [  0.88%] |   15 [  0.83%] |   8 [  0.83%] |    0 [  0.00%] |
|    tg3              |   11208 [  1.05%] |   1394 [  0.26%] |   18495 [  0.88%] |   15 [  0.83%] |   8 [  0.83%] |    0 [  0.00%] |
|    tg30             |   11208 [  1.05%] |   1394 [  0.26%] |   18495 [  0.88%] |   15 [  0.83%] |   8 [  0.83%] |    0 [  0.00%] |
|    tg31             |   11208 [  1.05%] |   1394 [  0.26%] |   18495 [  0.88%] |   15 [  0.83%] |   8 [  0.83%] |    0 [  0.00%] |
|    tg4              |   11208 [  1.05%] |   1394 [  0.26%] |   18495 [  0.88%] |   15 [  0.83%] |   8 [  0.83%] |    0 [  0.00%] |
|    tg5              |   11208 [  1.05%] |   1394 [  0.26%] |   18495 [  0.88%] |   15 [  0.83%] |   8 [  0.83%] |    0 [  0.00%] |
|    tg6              |   11208 [  1.05%] |   1394 [  0.26%] |   18495 [  0.88%] |   15 [  0.83%] |   8 [  0.83%] |    0 [  0.00%] |
|    tg7              |   11208 [  1.05%] |   1394 [  0.26%] |   18495 [  0.88%] |   15 [  0.83%] |   8 [  0.83%] |    0 [  0.00%] |
|    tg8              |   11208 [  1.05%] |   1394 [  0.26%] |   18495 [  0.88%] |   15 [  0.83%] |   8 [  0.83%] |    0 [  0.00%] |
|    tg9              |   11208 [  1.05%] |   1394 [  0.26%] |   18495 [  0.88%] |   15 [  0.83%] |   8 [  0.83%] |    0 [  0.00%] |
+---------------------+-------------------+------------------+-------------------+----------------+---------------+----------------+


