Copyright 1986-2020 Xilinx, Inc. All Rights Reserved.
----------------------------------------------------------------------------------------------
| Tool Version : Vivado v.2020.2 (lin64) Build 3064766 Wed Nov 18 09:12:47 MST 2020
| Date         : Sat Jun  3 03:45:03 2023
| Host         : zhang-21.ece.cornell.edu running 64-bit CentOS Linux release 7.9.2009 (Core)
| Command      : report_utilization -slr -file slr_util_placed.rpt -pb slr_util_placed.pb
| Design       : pfm_top_wrapper
| Device       : xcu280fsvh2892-2L
| Design State : Fully Placed
----------------------------------------------------------------------------------------------

Utilization Design Information

Table of Contents
-----------------
1. SLR Connectivity
2. SLR Connectivity Matrix
3. SLR CLB Logic and Dedicated Block Utilization
4. SLR IO Utilization

1. SLR Connectivity
-------------------

+----------------------------------+-------+-------+-----------+-------+
|                                  |  Used | Fixed | Available | Util% |
+----------------------------------+-------+-------+-----------+-------+
| SLR2 <-> SLR1                    | 11628 |       |     23040 | 50.47 |
|   SLR1 -> SLR2                   |  5310 |       |           | 23.05 |
|     Using TX_REG only            |     1 |     1 |           |       |
|     Using RX_REG only            |    19 |    18 |           |       |
|     Using Both TX_REG and RX_REG |  3432 |     1 |           |       |
|   SLR2 -> SLR1                   |  6318 |       |           | 27.42 |
|     Using TX_REG only            |     0 |     0 |           |       |
|     Using RX_REG only            |     4 |     4 |           |       |
|     Using Both TX_REG and RX_REG |  4826 |     0 |           |       |
| SLR1 <-> SLR0                    | 17731 |       |     23040 | 76.96 |
|   SLR0 -> SLR1                   |  7476 |       |           | 32.45 |
|     Using TX_REG only            |    71 |    71 |           |       |
|     Using RX_REG only            |    64 |    61 |           |       |
|     Using Both TX_REG and RX_REG |  6644 |    55 |           |       |
|   SLR1 -> SLR0                   | 10255 |       |           | 44.51 |
|     Using TX_REG only            |    62 |    62 |           |       |
|     Using RX_REG only            |   511 |    71 |           |       |
|     Using Both TX_REG and RX_REG |  8854 |    60 |           |       |
+----------------------------------+-------+-------+-----------+-------+
| Total SLLs Used                  | 29359 |       |           |       |
+----------------------------------+-------+-------+-----------+-------+


2. SLR Connectivity Matrix
--------------------------

+-----------+------+------+-------+
| FROM \ TO | SLR2 | SLR1 |  SLR0 |
+-----------+------+------+-------+
| SLR2      |    0 | 6244 |    74 |
| SLR1      | 5153 |    0 | 10181 |
| SLR0      |  157 | 7319 |     0 |
+-----------+------+------+-------+


3. SLR CLB Logic and Dedicated Block Utilization
------------------------------------------------

+----------------------------+--------+--------+--------+--------+--------+--------+
|          Site Type         |  SLR0  |  SLR1  |  SLR2  | SLR0 % | SLR1 % | SLR2 % |
+----------------------------+--------+--------+--------+--------+--------+--------+
| CLB                        |  44373 |  44723 |  42673 |  80.74 |  82.82 |  79.02 |
|   CLBL                     |  23144 |  23824 |  22810 |  79.04 |  81.37 |  77.90 |
|   CLBM                     |  21229 |  20899 |  19863 |  82.67 |  84.54 |  80.35 |
| CLB LUTs                   | 177554 | 191917 | 182441 |  40.38 |  44.43 |  42.23 |
|   LUT as Logic             | 142153 | 165736 | 154081 |  32.33 |  38.36 |  35.67 |
|     using O5 output only   |   1797 |   1452 |   2185 |   0.41 |   0.34 |   0.51 |
|     using O6 output only   | 104176 | 127257 | 112413 |  23.69 |  29.46 |  26.02 |
|     using O5 and O6        |  36180 |  37027 |  39483 |   8.23 |   8.57 |   9.14 |
|   LUT as Memory            |  35401 |  26181 |  28360 |  17.23 |  13.24 |  14.34 |
|     LUT as Distributed RAM |   9884 |  11037 |   8856 |   4.81 |   5.58 |   4.48 |
|       using O5 output only |      0 |      0 |      0 |   0.00 |   0.00 |   0.00 |
|       using O6 output only |     84 |    215 |     80 |   0.04 |   0.11 |   0.04 |
|       using O5 and O6      |   9800 |  10822 |   8776 |   4.77 |   5.47 |   4.44 |
|     LUT as Shift Register  |  25517 |  15144 |  19504 |  12.42 |   7.66 |   9.86 |
|       using O5 output only |      0 |      0 |      0 |   0.00 |   0.00 |   0.00 |
|       using O6 output only |  21631 |  11825 |  16052 |  10.53 |   5.98 |   8.12 |
|       using O5 and O6      |   3886 |   3319 |   3452 |   1.89 |   1.68 |   1.75 |
| CLB Registers              | 350876 | 344059 | 328207 |  39.90 |  39.82 |  37.99 |
| CARRY8                     |   6421 |   7136 |   6976 |  11.68 |  13.21 |  12.92 |
| F7 Muxes                   |   6599 |   2697 |   6211 |   3.00 |   1.25 |   2.88 |
| F8 Muxes                   |     16 |    141 |     47 |   0.01 |   0.13 |   0.04 |
| F9 Muxes                   |      0 |      0 |      0 |   0.00 |   0.00 |   0.00 |
| Block RAM Tile             |  184.5 |    251 |  264.5 |  27.46 |  37.35 |  39.36 |
|   RAMB36/FIFO              |    178 |    245 |    257 |  26.49 |  36.46 |  38.24 |
|     RAMB36E2 only          |    178 |    245 |    257 |  26.49 |  36.46 |  38.24 |
|   RAMB18                   |     13 |     12 |     15 |   0.97 |   0.89 |   1.12 |
|     RAMB18E2 only          |     13 |     12 |     15 |   0.97 |   0.89 |   1.12 |
| URAM                       |     80 |     88 |     88 |  25.00 |  27.50 |  27.50 |
| DSPs                       |      0 |      0 |      4 |   0.00 |   0.00 |   0.13 |
| PLL                        |      0 |      0 |      0 |   0.00 |   0.00 |   0.00 |
| MMCM                       |      0 |      0 |      0 |   0.00 |   0.00 |   0.00 |
| Unique Control Sets        |   5428 |   5385 |   6692 |   4.94 |   4.99 |   6.20 |
+----------------------------+--------+--------+--------+--------+--------+--------+
* Note: Available Control Sets based on CLB Registers / 8


4. SLR IO Utilization
---------------------

+-----------+-----------+---------+------------+----------+------------+----------+-----+
| SLR Index | Used IOBs | (%)IOBs | Used IPADs | (%)IPADs | Used OPADs | (%)OPADs | GTs |
+-----------+-----------+---------+------------+----------+------------+----------+-----+
| SLR2      |        18 |    8.65 |          0 |     0.00 |          0 |     0.00 |   0 |
| SLR1      |         0 |    0.00 |          0 |     0.00 |          0 |     0.00 |   0 |
| SLR0      |         1 |    0.48 |          0 |     0.00 |          0 |     0.00 |  16 |
+-----------+-----------+---------+------------+----------+------------+----------+-----+
| Total     |        19 |         |          0 |          |          0 |          |  16 |
+-----------+-----------+---------+------------+----------+------------+----------+-----+


